{"/Users/klein/workspace/tech/personal_project/vscode/extension/shell_formatter/src/utils/debounce.ts": {"path":"/Users/klein/workspace/tech/personal_project/vscode/extension/shell_formatter/src/utils/debounce.ts","statementMap":{"0":{"start":{"line":6,"column":12},"end":{"line":6,"column":55}},"1":{"start":{"line":16,"column":8},"end":{"line":16,"column":25}},"2":{"start":{"line":19,"column":22},"end":{"line":25,"column":17}},"3":{"start":{"line":20,"column":12},"end":{"line":24,"column":13}},"4":{"start":{"line":21,"column":16},"end":{"line":21,"column":27}},"5":{"start":{"line":23,"column":16},"end":{"line":23,"column":40}},"6":{"start":{"line":27,"column":8},"end":{"line":27,"column":36}},"7":{"start":{"line":35,"column":22},"end":{"line":35,"column":42}},"8":{"start":{"line":36,"column":8},"end":{"line":39,"column":9}},"9":{"start":{"line":37,"column":12},"end":{"line":37,"column":32}},"10":{"start":{"line":38,"column":12},"end":{"line":38,"column":36}},"11":{"start":{"line":46,"column":8},"end":{"line":48,"column":9}},"12":{"start":{"line":47,"column":12},"end":{"line":47,"column":32}},"13":{"start":{"line":49,"column":8},"end":{"line":49,"column":28}},"14":{"start":{"line":56,"column":8},"end":{"line":56,"column":32}},"15":{"start":{"line":5,"column":0},"end":{"line":5,"column":13}}},"fnMap":{"0":{"name":"(anonymous_0)","decl":{"start":{"line":5,"column":0},"end":{"line":5,"column":13}},"loc":{"start":{"line":5,"column":0},"end":{"line":58,"column":1}}},"1":{"name":"(anonymous_1)","decl":{"start":{"line":14,"column":4},"end":{"line":14,"column":12}},"loc":{"start":{"line":14,"column":67},"end":{"line":28,"column":5}}},"2":{"name":"(anonymous_2)","decl":{"start":{"line":19,"column":33},"end":{"line":19,"column":36}},"loc":{"start":{"line":19,"column":38},"end":{"line":25,"column":9}}},"3":{"name":"(anonymous_3)","decl":{"start":{"line":34,"column":4},"end":{"line":34,"column":10}},"loc":{"start":{"line":34,"column":22},"end":{"line":40,"column":5}}},"4":{"name":"(anonymous_4)","decl":{"start":{"line":45,"column":4},"end":{"line":45,"column":12}},"loc":{"start":{"line":45,"column":12},"end":{"line":50,"column":5}}},"5":{"name":"(anonymous_5)","decl":{"start":{"line":55,"column":4},"end":{"line":55,"column":18}},"loc":{"start":{"line":55,"column":18},"end":{"line":57,"column":5}}}},"branchMap":{"0":{"loc":{"start":{"line":14,"column":48},"end":{"line":14,"column":67}},"type":"default-arg","locations":[{"start":{"line":14,"column":64},"end":{"line":14,"column":67}}]},"1":{"loc":{"start":{"line":36,"column":8},"end":{"line":39,"column":9}},"type":"if","locations":[{"start":{"line":36,"column":8},"end":{"line":39,"column":9}}]}},"s":{"0":6,"1":9,"2":9,"3":2,"4":2,"5":2,"6":9,"7":11,"8":11,"9":3,"10":3,"11":2,"12":4,"13":2,"14":5,"15":1},"f":{"0":6,"1":9,"2":2,"3":11,"4":2,"5":5},"b":{"0":[0],"1":[3]}}
,"/Users/klein/workspace/tech/personal_project/vscode/extension/shell_formatter/src/utils/log.ts": {"path":"/Users/klein/workspace/tech/personal_project/vscode/extension/shell_formatter/src/utils/log.ts","statementMap":{"0":{"start":{"line":63,"column":0},"end":{"line":63,"column":16}},"1":{"start":{"line":87,"column":0},"end":{"line":87,"column":16}},"2":{"start":{"line":147,"column":0},"end":{"line":147,"column":16}},"3":{"start":{"line":23,"column":0},"end":{"line":23,"column":null}},"4":{"start":{"line":24,"column":4},"end":{"line":24,"column":null}},"5":{"start":{"line":25,"column":4},"end":{"line":25,"column":null}},"6":{"start":{"line":26,"column":4},"end":{"line":26,"column":null}},"7":{"start":{"line":27,"column":4},"end":{"line":27,"column":null}},"8":{"start":{"line":40,"column":13},"end":{"line":45,"column":2}},"9":{"start":{"line":64,"column":23},"end":{"line":64,"column":78}},"10":{"start":{"line":65,"column":4},"end":{"line":65,"column":75}},"11":{"start":{"line":91,"column":24},"end":{"line":91,"column":53}},"12":{"start":{"line":92,"column":23},"end":{"line":92,"column":51}},"13":{"start":{"line":93,"column":4},"end":{"line":93,"column":37}},"14":{"start":{"line":148,"column":4},"end":{"line":148,"column":30}},"15":{"start":{"line":149,"column":4},"end":{"line":152,"column":5}},"16":{"start":{"line":150,"column":8},"end":{"line":150,"column":51}},"17":{"start":{"line":151,"column":8},"end":{"line":151,"column":21}}},"fnMap":{"0":{"name":"(anonymous_0)","decl":{"start":{"line":23,"column":0},"end":{"line":23,"column":12}},"loc":{"start":{"line":23,"column":20},"end":{"line":28,"column":1}}},"1":{"name":"getLogLevelRank","decl":{"start":{"line":63,"column":16},"end":{"line":63,"column":31}},"loc":{"start":{"line":63,"column":56},"end":{"line":66,"column":1}}},"2":{"name":"shouldLogByLevel","decl":{"start":{"line":87,"column":16},"end":{"line":87,"column":32}},"loc":{"start":{"line":89,"column":34},"end":{"line":94,"column":1}}},"3":{"name":"setLogger","decl":{"start":{"line":147,"column":16},"end":{"line":147,"column":25}},"loc":{"start":{"line":147,"column":37},"end":{"line":153,"column":1}}}},"branchMap":{"0":{"loc":{"start":{"line":23,"column":12},"end":{"line":23,"column":null}},"type":"binary-expr","locations":[{"start":{"line":23,"column":12},"end":{"line":23,"column":20}},{"start":{"line":23,"column":20},"end":{"line":23,"column":null}}]},"1":{"loc":{"start":{"line":64,"column":23},"end":{"line":64,"column":78}},"type":"cond-expr","locations":[{"start":{"line":64,"column":51},"end":{"line":64,"column":70}},{"start":{"line":64,"column":73},"end":{"line":64,"column":78}}]},"2":{"loc":{"start":{"line":65,"column":11},"end":{"line":65,"column":74}},"type":"binary-expr","locations":[{"start":{"line":65,"column":11},"end":{"line":65,"column":39}},{"start":{"line":65,"column":43},"end":{"line":65,"column":74}}]},"3":{"loc":{"start":{"line":149,"column":4},"end":{"line":152,"column":5}},"type":"if","locations":[{"start":{"line":149,"column":4},"end":{"line":152,"column":5}}]}},"s":{"0":8,"1":8,"2":8,"3":8,"4":8,"5":8,"6":8,"7":8,"8":8,"9":14,"10":14,"11":3,"12":3,"13":3,"14":8,"15":8,"16":8,"17":8},"f":{"0":8,"1":14,"2":3,"3":8},"b":{"0":[8,8],"1":[14,0],"2":[14,1],"3":[8]}}
,"/Users/klein/workspace/tech/personal_project/vscode/extension/shell_formatter/src/utils/performance/alertManager.ts": {"path":"/Users/klein/workspace/tech/personal_project/vscode/extension/shell_formatter/src/utils/performance/alertManager.ts","statementMap":{"0":{"start":{"line":353,"column":0},"end":{"line":353,"column":16}},"1":{"start":{"line":363,"column":0},"end":{"line":363,"column":16}},"2":{"start":{"line":370,"column":0},"end":{"line":370,"column":16}},"3":{"start":{"line":15,"column":0},"end":{"line":15,"column":32}},"4":{"start":{"line":20,"column":0},"end":{"line":20,"column":null}},"5":{"start":{"line":21,"column":4},"end":{"line":21,"column":null}},"6":{"start":{"line":22,"column":4},"end":{"line":22,"column":null}},"7":{"start":{"line":23,"column":4},"end":{"line":23,"column":null}},"8":{"start":{"line":24,"column":4},"end":{"line":24,"column":null}},"9":{"start":{"line":101,"column":12},"end":{"line":101,"column":42}},"10":{"start":{"line":104,"column":12},"end":{"line":104,"column":44}},"11":{"start":{"line":107,"column":12},"end":{"line":107,"column":65}},"12":{"start":{"line":110,"column":12},"end":{"line":110,"column":42}},"13":{"start":{"line":113,"column":12},"end":{"line":122,"column":6}},"14":{"start":{"line":125,"column":8},"end":{"line":125,"column":45}},"15":{"start":{"line":126,"column":8},"end":{"line":126,"column":43}},"16":{"start":{"line":127,"column":8},"end":{"line":127,"column":59}},"17":{"start":{"line":134,"column":8},"end":{"line":134,"column":55}},"18":{"start":{"line":135,"column":8},"end":{"line":135,"column":78}},"19":{"start":{"line":142,"column":23},"end":{"line":142,"column":54}},"20":{"start":{"line":143,"column":8},"end":{"line":145,"column":9}},"21":{"start":{"line":144,"column":12},"end":{"line":144,"column":19}},"22":{"start":{"line":147,"column":22},"end":{"line":147,"column":65}},"23":{"start":{"line":148,"column":8},"end":{"line":150,"column":9}},"24":{"start":{"line":149,"column":12},"end":{"line":149,"column":37}},"25":{"start":{"line":157,"column":8},"end":{"line":157,"column":36}},"26":{"start":{"line":158,"column":8},"end":{"line":158,"column":81}},"27":{"start":{"line":165,"column":8},"end":{"line":167,"column":9}},"28":{"start":{"line":166,"column":12},"end":{"line":166,"column":45}},"29":{"start":{"line":168,"column":8},"end":{"line":168,"column":32}},"30":{"start":{"line":175,"column":8},"end":{"line":179,"column":10}},"31":{"start":{"line":186,"column":8},"end":{"line":186,"column":25}},"32":{"start":{"line":187,"column":8},"end":{"line":196,"column":10}},"33":{"start":{"line":197,"column":8},"end":{"line":197,"column":45}},"34":{"start":{"line":204,"column":49},"end":{"line":253,"column":10}},"35":{"start":{"line":255,"column":8},"end":{"line":255,"column":69}},"36":{"start":{"line":255,"column":37},"end":{"line":255,"column":67}},"37":{"start":{"line":256,"column":8},"end":{"line":258,"column":10}},"38":{"start":{"line":269,"column":39},"end":{"line":269,"column":43}},"39":{"start":{"line":272,"column":8},"end":{"line":280,"column":9}},"40":{"start":{"line":273,"column":12},"end":{"line":273,"column":40}},"41":{"start":{"line":274,"column":15},"end":{"line":280,"column":9}},"42":{"start":{"line":275,"column":12},"end":{"line":275,"column":36}},"43":{"start":{"line":276,"column":15},"end":{"line":280,"column":9}},"44":{"start":{"line":277,"column":12},"end":{"line":277,"column":38}},"45":{"start":{"line":278,"column":15},"end":{"line":280,"column":9}},"46":{"start":{"line":279,"column":12},"end":{"line":279,"column":35}},"47":{"start":{"line":282,"column":8},"end":{"line":284,"column":9}},"48":{"start":{"line":283,"column":12},"end":{"line":283,"column":24}},"49":{"start":{"line":287,"column":12},"end":{"line":290,"column":32}},"50":{"start":{"line":292,"column":8},"end":{"line":300,"column":10}},"51":{"start":{"line":308,"column":8},"end":{"line":308,"column":32}},"52":{"start":{"line":311,"column":8},"end":{"line":311,"column":27}},"53":{"start":{"line":312,"column":8},"end":{"line":312,"column":42}},"54":{"start":{"line":313,"column":8},"end":{"line":314,"column":61}},"55":{"start":{"line":317,"column":8},"end":{"line":319,"column":9}},"56":{"start":{"line":318,"column":12},"end":{"line":318,"column":32}},"57":{"start":{"line":322,"column":8},"end":{"line":322,"column":59}},"58":{"start":{"line":325,"column":8},"end":{"line":334,"column":9}},"59":{"start":{"line":326,"column":12},"end":{"line":333,"column":13}},"60":{"start":{"line":327,"column":31},"end":{"line":327,"column":45}},"61":{"start":{"line":328,"column":16},"end":{"line":330,"column":17}},"62":{"start":{"line":329,"column":20},"end":{"line":329,"column":33}},"63":{"start":{"line":332,"column":16},"end":{"line":332,"column":73}},"64":{"start":{"line":341,"column":8},"end":{"line":341,"column":80}},"65":{"start":{"line":99,"column":0},"end":{"line":99,"column":13}},"66":{"start":{"line":348,"column":57},"end":{"line":348,"column":61}},"67":{"start":{"line":354,"column":4},"end":{"line":356,"column":5}},"68":{"start":{"line":355,"column":8},"end":{"line":355,"column":59}},"69":{"start":{"line":357,"column":4},"end":{"line":357,"column":30}},"70":{"start":{"line":364,"column":4},"end":{"line":364,"column":33}},"71":{"start":{"line":371,"column":4},"end":{"line":373,"column":5}},"72":{"start":{"line":372,"column":8},"end":{"line":372,"column":35}}},"fnMap":{"0":{"name":"(anonymous_0)","decl":{"start":{"line":20,"column":0},"end":{"line":20,"column":12}},"loc":{"start":{"line":20,"column":22},"end":{"line":25,"column":1}}},"1":{"name":"(anonymous_1)","decl":{"start":{"line":124,"column":4},"end":{"line":124,"column":16}},"loc":{"start":{"line":124,"column":45},"end":{"line":128,"column":5}}},"2":{"name":"(anonymous_2)","decl":{"start":{"line":133,"column":4},"end":{"line":133,"column":21}},"loc":{"start":{"line":133,"column":50},"end":{"line":136,"column":5}}},"3":{"name":"(anonymous_3)","decl":{"start":{"line":141,"column":4},"end":{"line":141,"column":9}},"loc":{"start":{"line":141,"column":43},"end":{"line":151,"column":5}}},"4":{"name":"(anonymous_4)","decl":{"start":{"line":156,"column":4},"end":{"line":156,"column":11}},"loc":{"start":{"line":156,"column":33},"end":{"line":159,"column":5}}},"5":{"name":"(anonymous_5)","decl":{"start":{"line":164,"column":4},"end":{"line":164,"column":13}},"loc":{"start":{"line":164,"column":28},"end":{"line":169,"column":5}}},"6":{"name":"(anonymous_6)","decl":{"start":{"line":174,"column":4},"end":{"line":174,"column":17}},"loc":{"start":{"line":174,"column":17},"end":{"line":180,"column":5}}},"7":{"name":"(anonymous_7)","decl":{"start":{"line":185,"column":4},"end":{"line":185,"column":9}},"loc":{"start":{"line":185,"column":9},"end":{"line":198,"column":5}}},"8":{"name":"(anonymous_8)","decl":{"start":{"line":203,"column":12},"end":{"line":203,"column":39}},"loc":{"start":{"line":203,"column":39},"end":{"line":259,"column":5}}},"9":{"name":"(anonymous_9)","decl":{"start":{"line":255,"column":25},"end":{"line":255,"column":26}},"loc":{"start":{"line":255,"column":37},"end":{"line":255,"column":67}}},"10":{"name":"(anonymous_10)","decl":{"start":{"line":264,"column":12},"end":{"line":264,"column":23}},"loc":{"start":{"line":267,"column":36},"end":{"line":301,"column":5}}},"11":{"name":"(anonymous_11)","decl":{"start":{"line":306,"column":12},"end":{"line":306,"column":17}},"loc":{"start":{"line":306,"column":54},"end":{"line":335,"column":5}}},"12":{"name":"(anonymous_12)","decl":{"start":{"line":340,"column":12},"end":{"line":340,"column":27}},"loc":{"start":{"line":340,"column":27},"end":{"line":342,"column":5}}},"13":{"name":"getAlertManager","decl":{"start":{"line":353,"column":16},"end":{"line":353,"column":31}},"loc":{"start":{"line":353,"column":31},"end":{"line":358,"column":1}}},"14":{"name":"setAlertManager","decl":{"start":{"line":363,"column":16},"end":{"line":363,"column":31}},"loc":{"start":{"line":363,"column":64},"end":{"line":365,"column":1}}},"15":{"name":"resetAlertManager","decl":{"start":{"line":370,"column":16},"end":{"line":370,"column":33}},"loc":{"start":{"line":370,"column":33},"end":{"line":374,"column":1}}}},"branchMap":{"0":{"loc":{"start":{"line":20,"column":12},"end":{"line":20,"column":null}},"type":"binary-expr","locations":[{"start":{"line":20,"column":12},"end":{"line":20,"column":22}},{"start":{"line":20,"column":22},"end":{"line":20,"column":null}}]},"1":{"loc":{"start":{"line":124,"column":16},"end":{"line":124,"column":45}},"type":"default-arg","locations":[{"start":{"line":124,"column":41},"end":{"line":124,"column":45}}]},"2":{"loc":{"start":{"line":143,"column":8},"end":{"line":145,"column":9}},"type":"if","locations":[{"start":{"line":143,"column":8},"end":{"line":145,"column":9}}]},"3":{"loc":{"start":{"line":148,"column":8},"end":{"line":150,"column":9}},"type":"if","locations":[{"start":{"line":148,"column":8},"end":{"line":150,"column":9}}]},"4":{"loc":{"start":{"line":165,"column":8},"end":{"line":167,"column":9}},"type":"if","locations":[{"start":{"line":165,"column":8},"end":{"line":167,"column":9}}]},"5":{"loc":{"start":{"line":272,"column":8},"end":{"line":280,"column":9}},"type":"if","locations":[{"start":{"line":272,"column":8},"end":{"line":280,"column":9}},{"start":{"line":274,"column":15},"end":{"line":280,"column":9}}]},"6":{"loc":{"start":{"line":272,"column":12},"end":{"line":272,"column":73}},"type":"binary-expr","locations":[{"start":{"line":272,"column":12},"end":{"line":272,"column":36}},{"start":{"line":272,"column":40},"end":{"line":272,"column":73}}]},"7":{"loc":{"start":{"line":274,"column":15},"end":{"line":280,"column":9}},"type":"if","locations":[{"start":{"line":274,"column":15},"end":{"line":280,"column":9}},{"start":{"line":276,"column":15},"end":{"line":280,"column":9}}]},"8":{"loc":{"start":{"line":274,"column":19},"end":{"line":274,"column":72}},"type":"binary-expr","locations":[{"start":{"line":274,"column":19},"end":{"line":274,"column":39}},{"start":{"line":274,"column":43},"end":{"line":274,"column":72}}]},"9":{"loc":{"start":{"line":276,"column":15},"end":{"line":280,"column":9}},"type":"if","locations":[{"start":{"line":276,"column":15},"end":{"line":280,"column":9}},{"start":{"line":278,"column":15},"end":{"line":280,"column":9}}]},"10":{"loc":{"start":{"line":276,"column":19},"end":{"line":276,"column":76}},"type":"binary-expr","locations":[{"start":{"line":276,"column":19},"end":{"line":276,"column":41}},{"start":{"line":276,"column":45},"end":{"line":276,"column":76}}]},"11":{"loc":{"start":{"line":278,"column":15},"end":{"line":280,"column":9}},"type":"if","locations":[{"start":{"line":278,"column":15},"end":{"line":280,"column":9}}]},"12":{"loc":{"start":{"line":278,"column":19},"end":{"line":278,"column":70}},"type":"binary-expr","locations":[{"start":{"line":278,"column":19},"end":{"line":278,"column":38}},{"start":{"line":278,"column":42},"end":{"line":278,"column":70}}]},"13":{"loc":{"start":{"line":282,"column":8},"end":{"line":284,"column":9}},"type":"if","locations":[{"start":{"line":282,"column":8},"end":{"line":284,"column":9}}]},"14":{"loc":{"start":{"line":287,"column":12},"end":{"line":290,"column":32}},"type":"binary-expr","locations":[{"start":{"line":287,"column":12},"end":{"line":287,"column":36}},{"start":{"line":288,"column":12},"end":{"line":288,"column":32}},{"start":{"line":289,"column":12},"end":{"line":289,"column":34}},{"start":{"line":290,"column":12},"end":{"line":290,"column":32}}]},"15":{"loc":{"start":{"line":314,"column":13},"end":{"line":314,"column":55}},"type":"binary-expr","locations":[{"start":{"line":314,"column":13},"end":{"line":314,"column":50}},{"start":{"line":314,"column":54},"end":{"line":314,"column":55}}]},"16":{"loc":{"start":{"line":317,"column":8},"end":{"line":319,"column":9}},"type":"if","locations":[{"start":{"line":317,"column":8},"end":{"line":319,"column":9}}]},"17":{"loc":{"start":{"line":328,"column":16},"end":{"line":330,"column":17}},"type":"if","locations":[{"start":{"line":328,"column":16},"end":{"line":330,"column":17}}]},"18":{"loc":{"start":{"line":354,"column":4},"end":{"line":356,"column":5}},"type":"if","locations":[{"start":{"line":354,"column":4},"end":{"line":356,"column":5}}]},"19":{"loc":{"start":{"line":371,"column":4},"end":{"line":373,"column":5}},"type":"if","locations":[{"start":{"line":371,"column":4},"end":{"line":373,"column":5}}]}},"s":{"0":4,"1":4,"2":4,"3":4,"4":4,"5":4,"6":4,"7":4,"8":4,"9":55,"10":55,"11":55,"12":55,"13":55,"14":55,"15":55,"16":55,"17":488,"18":488,"19":102,"20":102,"21":2,"22":100,"23":100,"24":96,"25":11,"26":11,"27":31,"28":2,"29":29,"30":9,"31":47,"32":47,"33":47,"34":55,"35":55,"36":440,"37":55,"38":100,"39":100,"40":65,"41":35,"42":8,"43":27,"44":6,"45":21,"46":17,"47":100,"48":4,"49":96,"50":96,"51":96,"52":96,"53":96,"54":96,"55":96,"56":16,"57":96,"58":96,"59":12,"60":12,"61":10,"62":2,"63":3,"64":96,"65":4,"66":4,"67":27,"68":1,"69":27,"70":46,"71":46,"72":46},"f":{"0":4,"1":55,"2":488,"3":102,"4":11,"5":31,"6":9,"7":47,"8":55,"9":440,"10":100,"11":96,"12":96,"13":27,"14":46,"15":46},"b":{"0":[4,4],"1":[47],"2":[2],"3":[96],"4":[2],"5":[65,35],"6":[100,71],"7":[8,27],"8":[35,11],"9":[6,21],"10":[27,9],"11":[17],"12":[21,20],"13":[4],"14":[96,27,22,16],"15":[96,46],"16":[16],"17":[2],"18":[1],"19":[46]}}
,"/Users/klein/workspace/tech/personal_project/vscode/extension/shell_formatter/src/utils/performance/integration.ts": {"path":"/Users/klein/workspace/tech/personal_project/vscode/extension/shell_formatter/src/utils/performance/integration.ts","statementMap":{"0":{"start":{"line":27,"column":0},"end":{"line":27,"column":16}},"1":{"start":{"line":63,"column":0},"end":{"line":63,"column":16}},"2":{"start":{"line":94,"column":0},"end":{"line":94,"column":16}},"3":{"start":{"line":125,"column":0},"end":{"line":125,"column":16}},"4":{"start":{"line":191,"column":0},"end":{"line":191,"column":16}},"5":{"start":{"line":200,"column":0},"end":{"line":200,"column":16}},"6":{"start":{"line":209,"column":0},"end":{"line":209,"column":16}},"7":{"start":{"line":218,"column":0},"end":{"line":218,"column":16}},"8":{"start":{"line":227,"column":0},"end":{"line":227,"column":16}},"9":{"start":{"line":235,"column":0},"end":{"line":235,"column":16}},"10":{"start":{"line":243,"column":0},"end":{"line":243,"column":16}},"11":{"start":{"line":252,"column":0},"end":{"line":252,"column":16}},"12":{"start":{"line":260,"column":0},"end":{"line":260,"column":16}},"13":{"start":{"line":268,"column":0},"end":{"line":268,"column":16}},"14":{"start":{"line":277,"column":0},"end":{"line":277,"column":16}},"15":{"start":{"line":291,"column":0},"end":{"line":291,"column":16}},"16":{"start":{"line":299,"column":0},"end":{"line":299,"column":16}},"17":{"start":{"line":317,"column":0},"end":{"line":317,"column":16}},"18":{"start":{"line":334,"column":0},"end":{"line":334,"column":16}},"19":{"start":{"line":358,"column":0},"end":{"line":358,"column":16}},"20":{"start":{"line":374,"column":0},"end":{"line":374,"column":16}},"21":{"start":{"line":381,"column":0},"end":{"line":381,"column":16}},"22":{"start":{"line":8,"column":0},"end":{"line":8,"column":32}},"23":{"start":{"line":9,"column":0},"end":{"line":9,"column":null}},"24":{"start":{"line":389,"column":9},"end":{"line":15,"column":null}},"25":{"start":{"line":389,"column":28},"end":{"line":16,"column":null}},"26":{"start":{"line":18,"column":0},"end":{"line":18,"column":77}},"27":{"start":{"line":28,"column":4},"end":{"line":52,"column":6}},"28":{"start":{"line":33,"column":31},"end":{"line":33,"column":null}},"29":{"start":{"line":37,"column":8},"end":{"line":49,"column":10}},"30":{"start":{"line":38,"column":26},"end":{"line":38,"column":78}},"31":{"start":{"line":39,"column":12},"end":{"line":39,"column":78}},"32":{"start":{"line":41,"column":12},"end":{"line":48,"column":13}},"33":{"start":{"line":42,"column":16},"end":{"line":42,"column":62}},"34":{"start":{"line":44,"column":33},"end":{"line":44,"column":45}},"35":{"start":{"line":45,"column":16},"end":{"line":47,"column":18}},"36":{"start":{"line":51,"column":8},"end":{"line":51,"column":26}},"37":{"start":{"line":67,"column":4},"end":{"line":83,"column":6}},"38":{"start":{"line":68,"column":22},"end":{"line":68,"column":74}},"39":{"start":{"line":69,"column":8},"end":{"line":69,"column":47}},"40":{"start":{"line":71,"column":8},"end":{"line":82,"column":9}},"41":{"start":{"line":72,"column":27},"end":{"line":72,"column":53}},"42":{"start":{"line":73,"column":29},"end":{"line":73,"column":41}},"43":{"start":{"line":74,"column":12},"end":{"line":74,"column":67}},"44":{"start":{"line":75,"column":12},"end":{"line":75,"column":26}},"45":{"start":{"line":77,"column":29},"end":{"line":77,"column":41}},"46":{"start":{"line":78,"column":12},"end":{"line":80,"column":14}},"47":{"start":{"line":81,"column":12},"end":{"line":81,"column":24}},"48":{"start":{"line":98,"column":4},"end":{"line":114,"column":6}},"49":{"start":{"line":99,"column":22},"end":{"line":99,"column":44}},"50":{"start":{"line":100,"column":8},"end":{"line":100,"column":47}},"51":{"start":{"line":102,"column":8},"end":{"line":113,"column":9}},"52":{"start":{"line":103,"column":27},"end":{"line":103,"column":53}},"53":{"start":{"line":104,"column":29},"end":{"line":104,"column":41}},"54":{"start":{"line":105,"column":12},"end":{"line":105,"column":67}},"55":{"start":{"line":106,"column":12},"end":{"line":106,"column":26}},"56":{"start":{"line":108,"column":29},"end":{"line":108,"column":41}},"57":{"start":{"line":109,"column":12},"end":{"line":111,"column":14}},"58":{"start":{"line":112,"column":12},"end":{"line":112,"column":24}},"59":{"start":{"line":129,"column":4},"end":{"line":145,"column":6}},"60":{"start":{"line":130,"column":22},"end":{"line":130,"column":74}},"61":{"start":{"line":131,"column":8},"end":{"line":131,"column":47}},"62":{"start":{"line":133,"column":8},"end":{"line":144,"column":9}},"63":{"start":{"line":134,"column":27},"end":{"line":134,"column":47}},"64":{"start":{"line":135,"column":29},"end":{"line":135,"column":41}},"65":{"start":{"line":136,"column":12},"end":{"line":136,"column":67}},"66":{"start":{"line":137,"column":12},"end":{"line":137,"column":26}},"67":{"start":{"line":139,"column":29},"end":{"line":139,"column":41}},"68":{"start":{"line":140,"column":12},"end":{"line":142,"column":14}},"69":{"start":{"line":143,"column":12},"end":{"line":143,"column":24}},"70":{"start":{"line":160,"column":8},"end":{"line":160,"column":37}},"71":{"start":{"line":161,"column":8},"end":{"line":161,"column":74}},"72":{"start":{"line":162,"column":8},"end":{"line":162,"column":66}},"73":{"start":{"line":169,"column":25},"end":{"line":169,"column":42}},"74":{"start":{"line":170,"column":8},"end":{"line":170,"column":82}},"75":{"start":{"line":171,"column":8},"end":{"line":171,"column":24}},"76":{"start":{"line":178,"column":25},"end":{"line":178,"column":53}},"77":{"start":{"line":179,"column":8},"end":{"line":179,"column":82}},"78":{"start":{"line":180,"column":8},"end":{"line":180,"column":24}},"79":{"start":{"line":155,"column":0},"end":{"line":155,"column":13}},"80":{"start":{"line":192,"column":4},"end":{"line":192,"column":44}},"81":{"start":{"line":201,"column":4},"end":{"line":201,"column":55}},"82":{"start":{"line":202,"column":4},"end":{"line":202,"column":60}},"83":{"start":{"line":210,"column":4},"end":{"line":210,"column":47}},"84":{"start":{"line":219,"column":4},"end":{"line":219,"column":59}},"85":{"start":{"line":228,"column":4},"end":{"line":228,"column":52}},"86":{"start":{"line":236,"column":4},"end":{"line":236,"column":50}},"87":{"start":{"line":244,"column":4},"end":{"line":244,"column":53}},"88":{"start":{"line":245,"column":4},"end":{"line":245,"column":31}},"89":{"start":{"line":253,"column":4},"end":{"line":253,"column":63}},"90":{"start":{"line":254,"column":4},"end":{"line":254,"column":47}},"91":{"start":{"line":261,"column":4},"end":{"line":261,"column":51}},"92":{"start":{"line":262,"column":4},"end":{"line":262,"column":32}},"93":{"start":{"line":269,"column":4},"end":{"line":269,"column":52}},"94":{"start":{"line":270,"column":4},"end":{"line":270,"column":33}},"95":{"start":{"line":279,"column":20},"end":{"line":279,"column":75}},"96":{"start":{"line":280,"column":4},"end":{"line":280,"column":38}},"97":{"start":{"line":292,"column":4},"end":{"line":292,"column":47}},"98":{"start":{"line":300,"column":4},"end":{"line":300,"column":48}},"99":{"start":{"line":301,"column":4},"end":{"line":301,"column":30}},"100":{"start":{"line":318,"column":4},"end":{"line":318,"column":39}},"101":{"start":{"line":319,"column":4},"end":{"line":319,"column":56}},"102":{"start":{"line":339,"column":4},"end":{"line":341,"column":6}},"103":{"start":{"line":359,"column":4},"end":{"line":359,"column":46}},"104":{"start":{"line":375,"column":4},"end":{"line":375,"column":45}},"105":{"start":{"line":382,"column":4},"end":{"line":382,"column":42}},"106":{"start":{"line":383,"column":4},"end":{"line":383,"column":30}}},"fnMap":{"0":{"name":"(anonymous_0)","decl":{"start":{"line":389,"column":9},"end":{"line":389,"column":26}},"loc":{"start":{"line":389,"column":9},"end":{"line":15,"column":null}}},"1":{"name":"(anonymous_1)","decl":{"start":{"line":389,"column":28},"end":{"line":389,"column":43}},"loc":{"start":{"line":389,"column":28},"end":{"line":16,"column":null}}},"2":{"name":"measurePerformance","decl":{"start":{"line":27,"column":16},"end":{"line":27,"column":34}},"loc":{"start":{"line":27,"column":53},"end":{"line":53,"column":1}}},"3":{"name":"(anonymous_3)","decl":{"start":{"line":28,"column":11},"end":{"line":28,"column":null}},"loc":{"start":{"line":31,"column":38},"end":{"line":52,"column":5}}},"4":{"name":"(anonymous_4)","decl":{"start":{"line":37,"column":27},"end":{"line":37,"column":32}},"loc":{"start":{"line":37,"column":61},"end":{"line":49,"column":9}}},"5":{"name":"wrapAsync","decl":{"start":{"line":63,"column":16},"end":{"line":63,"column":25}},"loc":{"start":{"line":65,"column":42},"end":{"line":84,"column":1}}},"6":{"name":"(anonymous_6)","decl":{"start":{"line":67,"column":11},"end":{"line":67,"column":16}},"loc":{"start":{"line":67,"column":60},"end":{"line":83,"column":5}}},"7":{"name":"measureAsync","decl":{"start":{"line":94,"column":16},"end":{"line":94,"column":28}},"loc":{"start":{"line":96,"column":42},"end":{"line":115,"column":1}}},"8":{"name":"(anonymous_8)","decl":{"start":{"line":98,"column":11},"end":{"line":98,"column":16}},"loc":{"start":{"line":98,"column":60},"end":{"line":114,"column":5}}},"9":{"name":"wrapSync","decl":{"start":{"line":125,"column":16},"end":{"line":125,"column":24}},"loc":{"start":{"line":127,"column":33},"end":{"line":146,"column":1}}},"10":{"name":"(anonymous_10)","decl":{"start":{"line":129,"column":11},"end":{"line":129,"column":36}},"loc":{"start":{"line":129,"column":54},"end":{"line":145,"column":5}}},"11":{"name":"(anonymous_11)","decl":{"start":{"line":159,"column":4},"end":{"line":159,"column":16}},"loc":{"start":{"line":159,"column":34},"end":{"line":163,"column":5}}},"12":{"name":"(anonymous_12)","decl":{"start":{"line":168,"column":4},"end":{"line":168,"column":7}},"loc":{"start":{"line":168,"column":7},"end":{"line":172,"column":5}}},"13":{"name":"(anonymous_13)","decl":{"start":{"line":177,"column":4},"end":{"line":177,"column":9}},"loc":{"start":{"line":177,"column":18},"end":{"line":181,"column":5}}},"14":{"name":"createPerformanceScope","decl":{"start":{"line":191,"column":16},"end":{"line":191,"column":38}},"loc":{"start":{"line":191,"column":57},"end":{"line":193,"column":1}}},"15":{"name":"recordMetric","decl":{"start":{"line":200,"column":16},"end":{"line":200,"column":28}},"loc":{"start":{"line":200,"column":62},"end":{"line":203,"column":1}}},"16":{"name":"getPerformanceReport","decl":{"start":{"line":209,"column":16},"end":{"line":209,"column":36}},"loc":{"start":{"line":209,"column":36},"end":{"line":211,"column":1}}},"17":{"name":"getAverageMetric","decl":{"start":{"line":218,"column":16},"end":{"line":218,"column":32}},"loc":{"start":{"line":218,"column":51},"end":{"line":220,"column":1}}},"18":{"name":"getMetricData","decl":{"start":{"line":227,"column":16},"end":{"line":227,"column":29}},"loc":{"start":{"line":227,"column":48},"end":{"line":229,"column":1}}},"19":{"name":"getAllMetricNames","decl":{"start":{"line":235,"column":16},"end":{"line":235,"column":33}},"loc":{"start":{"line":235,"column":33},"end":{"line":237,"column":1}}},"20":{"name":"resetMetrics","decl":{"start":{"line":243,"column":16},"end":{"line":243,"column":28}},"loc":{"start":{"line":243,"column":28},"end":{"line":246,"column":1}}},"21":{"name":"resetMetric","decl":{"start":{"line":252,"column":16},"end":{"line":252,"column":27}},"loc":{"start":{"line":252,"column":46},"end":{"line":255,"column":1}}},"22":{"name":"enablePerformanceMonitoring","decl":{"start":{"line":260,"column":16},"end":{"line":260,"column":43}},"loc":{"start":{"line":260,"column":43},"end":{"line":263,"column":1}}},"23":{"name":"disablePerformanceMonitoring","decl":{"start":{"line":268,"column":16},"end":{"line":268,"column":44}},"loc":{"start":{"line":268,"column":44},"end":{"line":271,"column":1}}},"24":{"name":"isPerformanceMonitoringEnabled","decl":{"start":{"line":277,"column":16},"end":{"line":277,"column":46}},"loc":{"start":{"line":277,"column":46},"end":{"line":281,"column":1}}},"25":{"name":"enablePerformanceAlerts","decl":{"start":{"line":291,"column":16},"end":{"line":291,"column":39}},"loc":{"start":{"line":291,"column":39},"end":{"line":294,"column":1}}},"26":{"name":"disablePerformanceAlerts","decl":{"start":{"line":299,"column":16},"end":{"line":299,"column":40}},"loc":{"start":{"line":299,"column":40},"end":{"line":302,"column":1}}},"27":{"name":"onPerformanceAlert","decl":{"start":{"line":317,"column":16},"end":{"line":317,"column":34}},"loc":{"start":{"line":317,"column":56},"end":{"line":320,"column":1}}},"28":{"name":"setAlertThreshold","decl":{"start":{"line":334,"column":16},"end":{"line":334,"column":33}},"loc":{"start":{"line":337,"column":41},"end":{"line":344,"column":1}}},"29":{"name":"getPerformanceAlerts","decl":{"start":{"line":358,"column":16},"end":{"line":358,"column":36}},"loc":{"start":{"line":358,"column":51},"end":{"line":360,"column":1}}},"30":{"name":"getAlertStats","decl":{"start":{"line":374,"column":16},"end":{"line":374,"column":29}},"loc":{"start":{"line":374,"column":29},"end":{"line":376,"column":1}}},"31":{"name":"clearAlertHistory","decl":{"start":{"line":381,"column":16},"end":{"line":381,"column":33}},"loc":{"start":{"line":381,"column":33},"end":{"line":384,"column":1}}}},"branchMap":{"0":{"loc":{"start":{"line":280,"column":11},"end":{"line":280,"column":37}},"type":"binary-expr","locations":[{"start":{"line":280,"column":11},"end":{"line":280,"column":28}},{"start":{"line":280,"column":32},"end":{"line":280,"column":37}}]},"1":{"loc":{"start":{"line":337,"column":4},"end":{"line":337,"column":41}},"type":"default-arg","locations":[{"start":{"line":337,"column":24},"end":{"line":337,"column":41}}]}},"s":{"0":1,"1":1,"2":1,"3":1,"4":1,"5":1,"6":1,"7":1,"8":1,"9":1,"10":1,"11":1,"12":1,"13":1,"14":1,"15":1,"16":1,"17":1,"18":1,"19":1,"20":1,"21":1,"22":1,"23":1,"24":3,"25":4,"26":1,"27":1,"28":1,"29":1,"30":1,"31":1,"32":1,"33":1,"34":1,"35":1,"36":1,"37":2,"38":2,"39":2,"40":2,"41":2,"42":1,"43":1,"44":1,"45":1,"46":1,"47":1,"48":2,"49":2,"50":2,"51":2,"52":2,"53":1,"54":1,"55":1,"56":1,"57":1,"58":1,"59":2,"60":2,"61":2,"62":2,"63":2,"64":1,"65":1,"66":1,"67":1,"68":1,"69":1,"70":2,"71":2,"72":2,"73":1,"74":1,"75":1,"76":1,"77":1,"78":1,"79":1,"80":2,"81":3,"82":3,"83":1,"84":1,"85":3,"86":2,"87":14,"88":14,"89":1,"90":1,"91":1,"92":1,"93":1,"94":1,"95":2,"96":2,"97":1,"98":1,"99":1,"100":1,"101":1,"102":1,"103":1,"104":1,"105":1,"106":1},"f":{"0":2,"1":3,"2":1,"3":1,"4":1,"5":2,"6":2,"7":2,"8":2,"9":2,"10":2,"11":2,"12":1,"13":1,"14":2,"15":3,"16":1,"17":1,"18":3,"19":2,"20":14,"21":1,"22":1,"23":1,"24":2,"25":1,"26":1,"27":1,"28":1,"29":1,"30":1,"31":1},"b":{"0":[2,0],"1":[1]}}
,"/Users/klein/workspace/tech/personal_project/vscode/extension/shell_formatter/src/utils/performance/monitor.ts": {"path":"/Users/klein/workspace/tech/personal_project/vscode/extension/shell_formatter/src/utils/performance/monitor.ts","statementMap":{"0":{"start":{"line":238,"column":0},"end":{"line":238,"column":16}},"1":{"start":{"line":248,"column":0},"end":{"line":248,"column":16}},"2":{"start":{"line":6,"column":0},"end":{"line":6,"column":49}},"3":{"start":{"line":32,"column":12},"end":{"line":32,"column":55}},"4":{"start":{"line":33,"column":12},"end":{"line":33,"column":38}},"5":{"start":{"line":39,"column":8},"end":{"line":41,"column":9}},"6":{"start":{"line":40,"column":12},"end":{"line":40,"column":67}},"7":{"start":{"line":42,"column":8},"end":{"line":42,"column":43}},"8":{"start":{"line":49,"column":8},"end":{"line":49,"column":30}},"9":{"start":{"line":56,"column":8},"end":{"line":56,"column":31}},"10":{"start":{"line":65,"column":8},"end":{"line":67,"column":9}},"11":{"start":{"line":66,"column":12},"end":{"line":66,"column":19}},"12":{"start":{"line":69,"column":8},"end":{"line":71,"column":9}},"13":{"start":{"line":70,"column":12},"end":{"line":70,"column":39}},"14":{"start":{"line":73,"column":23},"end":{"line":73,"column":46}},"15":{"start":{"line":74,"column":8},"end":{"line":74,"column":27}},"16":{"start":{"line":83,"column":23},"end":{"line":83,"column":45}},"17":{"start":{"line":84,"column":8},"end":{"line":86,"column":9}},"18":{"start":{"line":85,"column":12},"end":{"line":85,"column":24}},"19":{"start":{"line":88,"column":22},"end":{"line":88,"column":35}},"20":{"start":{"line":89,"column":20},"end":{"line":89,"column":39}},"21":{"start":{"line":90,"column":20},"end":{"line":90,"column":39}},"22":{"start":{"line":91,"column":20},"end":{"line":91,"column":61}},"23":{"start":{"line":91,"column":44},"end":{"line":91,"column":49}},"24":{"start":{"line":93,"column":8},"end":{"line":100,"column":10}},"25":{"start":{"line":109,"column":23},"end":{"line":109,"column":43}},"26":{"start":{"line":110,"column":8},"end":{"line":110,"column":42}},"27":{"start":{"line":119,"column":23},"end":{"line":119,"column":45}},"28":{"start":{"line":120,"column":8},"end":{"line":120,"column":45}},"29":{"start":{"line":128,"column":8},"end":{"line":128,"column":47}},"30":{"start":{"line":136,"column":37},"end":{"line":136,"column":39}},"31":{"start":{"line":137,"column":8},"end":{"line":142,"column":9}},"32":{"start":{"line":138,"column":27},"end":{"line":138,"column":47}},"33":{"start":{"line":139,"column":12},"end":{"line":141,"column":13}},"34":{"start":{"line":140,"column":16},"end":{"line":140,"column":36}},"35":{"start":{"line":143,"column":8},"end":{"line":143,"column":22}},"36":{"start":{"line":150,"column":8},"end":{"line":150,"column":29}},"37":{"start":{"line":158,"column":8},"end":{"line":158,"column":34}},"38":{"start":{"line":166,"column":24},"end":{"line":166,"column":44}},"39":{"start":{"line":167,"column":8},"end":{"line":169,"column":9}},"40":{"start":{"line":168,"column":12},"end":{"line":168,"column":55}},"41":{"start":{"line":171,"column":32},"end":{"line":171,"column":34}},"42":{"start":{"line":172,"column":8},"end":{"line":172,"column":49}},"43":{"start":{"line":173,"column":8},"end":{"line":173,"column":23}},"44":{"start":{"line":175,"column":8},"end":{"line":182,"column":9}},"45":{"start":{"line":176,"column":12},"end":{"line":176,"column":42}},"46":{"start":{"line":177,"column":12},"end":{"line":177,"column":52}},"47":{"start":{"line":178,"column":12},"end":{"line":178,"column":63}},"48":{"start":{"line":179,"column":12},"end":{"line":179,"column":63}},"49":{"start":{"line":180,"column":12},"end":{"line":180,"column":63}},"50":{"start":{"line":181,"column":12},"end":{"line":181,"column":27}},"51":{"start":{"line":184,"column":8},"end":{"line":184,"column":32}},"52":{"start":{"line":30,"column":0},"end":{"line":30,"column":13}},"53":{"start":{"line":203,"column":8},"end":{"line":203,"column":25}},"54":{"start":{"line":204,"column":8},"end":{"line":204,"column":36}},"55":{"start":{"line":205,"column":8},"end":{"line":205,"column":67}},"56":{"start":{"line":213,"column":25},"end":{"line":213,"column":52}},"57":{"start":{"line":214,"column":8},"end":{"line":214,"column":55}},"58":{"start":{"line":216,"column":8},"end":{"line":216,"column":53}},"59":{"start":{"line":217,"column":8},"end":{"line":217,"column":24}},"60":{"start":{"line":225,"column":25},"end":{"line":225,"column":52}},"61":{"start":{"line":226,"column":8},"end":{"line":226,"column":55}},"62":{"start":{"line":228,"column":8},"end":{"line":228,"column":53}},"63":{"start":{"line":229,"column":8},"end":{"line":229,"column":24}},"64":{"start":{"line":192,"column":0},"end":{"line":192,"column":13}},"65":{"start":{"line":239,"column":4},"end":{"line":239,"column":38}},"66":{"start":{"line":249,"column":4},"end":{"line":269,"column":6}},"67":{"start":{"line":254,"column":31},"end":{"line":254,"column":null}},"68":{"start":{"line":257,"column":24},"end":{"line":257,"column":56}},"69":{"start":{"line":259,"column":8},"end":{"line":266,"column":10}},"70":{"start":{"line":260,"column":26},"end":{"line":260,"column":67}},"71":{"start":{"line":261,"column":12},"end":{"line":265,"column":13}},"72":{"start":{"line":262,"column":16},"end":{"line":262,"column":62}},"73":{"start":{"line":264,"column":16},"end":{"line":264,"column":29}},"74":{"start":{"line":268,"column":8},"end":{"line":268,"column":26}},"75":{"start":{"line":273,"column":13},"end":{"line":273,"column":67}}},"fnMap":{"0":{"name":"(anonymous_0)","decl":{"start":{"line":30,"column":0},"end":{"line":30,"column":13}},"loc":{"start":{"line":30,"column":0},"end":{"line":186,"column":1}}},"1":{"name":"(anonymous_1)","decl":{"start":{"line":38,"column":4},"end":{"line":38,"column":10}},"loc":{"start":{"line":38,"column":22},"end":{"line":43,"column":5}}},"2":{"name":"(anonymous_2)","decl":{"start":{"line":48,"column":4},"end":{"line":48,"column":10}},"loc":{"start":{"line":48,"column":10},"end":{"line":50,"column":5}}},"3":{"name":"(anonymous_3)","decl":{"start":{"line":55,"column":4},"end":{"line":55,"column":11}},"loc":{"start":{"line":55,"column":11},"end":{"line":57,"column":5}}},"4":{"name":"(anonymous_4)","decl":{"start":{"line":64,"column":4},"end":{"line":64,"column":16}},"loc":{"start":{"line":64,"column":44},"end":{"line":75,"column":5}}},"5":{"name":"(anonymous_5)","decl":{"start":{"line":82,"column":4},"end":{"line":82,"column":13}},"loc":{"start":{"line":82,"column":26},"end":{"line":101,"column":5}}},"6":{"name":"(anonymous_6)","decl":{"start":{"line":91,"column":34},"end":{"line":91,"column":35}},"loc":{"start":{"line":91,"column":44},"end":{"line":91,"column":49}}},"7":{"name":"(anonymous_7)","decl":{"start":{"line":108,"column":4},"end":{"line":108,"column":20}},"loc":{"start":{"line":108,"column":33},"end":{"line":111,"column":5}}},"8":{"name":"(anonymous_8)","decl":{"start":{"line":118,"column":4},"end":{"line":118,"column":18}},"loc":{"start":{"line":118,"column":31},"end":{"line":121,"column":5}}},"9":{"name":"(anonymous_9)","decl":{"start":{"line":127,"column":4},"end":{"line":127,"column":21}},"loc":{"start":{"line":127,"column":21},"end":{"line":129,"column":5}}},"10":{"name":"(anonymous_10)","decl":{"start":{"line":135,"column":4},"end":{"line":135,"column":17}},"loc":{"start":{"line":135,"column":17},"end":{"line":144,"column":5}}},"11":{"name":"(anonymous_11)","decl":{"start":{"line":149,"column":4},"end":{"line":149,"column":9}},"loc":{"start":{"line":149,"column":9},"end":{"line":151,"column":5}}},"12":{"name":"(anonymous_12)","decl":{"start":{"line":157,"column":4},"end":{"line":157,"column":15}},"loc":{"start":{"line":157,"column":28},"end":{"line":159,"column":5}}},"13":{"name":"(anonymous_13)","decl":{"start":{"line":165,"column":4},"end":{"line":165,"column":18}},"loc":{"start":{"line":165,"column":18},"end":{"line":185,"column":5}}},"14":{"name":"(anonymous_14)","decl":{"start":{"line":202,"column":4},"end":{"line":202,"column":16}},"loc":{"start":{"line":202,"column":58},"end":{"line":206,"column":5}}},"15":{"name":"(anonymous_15)","decl":{"start":{"line":212,"column":4},"end":{"line":212,"column":8}},"loc":{"start":{"line":212,"column":8},"end":{"line":218,"column":5}}},"16":{"name":"(anonymous_16)","decl":{"start":{"line":224,"column":4},"end":{"line":224,"column":9}},"loc":{"start":{"line":224,"column":19},"end":{"line":230,"column":5}}},"17":{"name":"startTimer","decl":{"start":{"line":238,"column":16},"end":{"line":238,"column":26}},"loc":{"start":{"line":238,"column":39},"end":{"line":240,"column":1}}},"18":{"name":"performance","decl":{"start":{"line":248,"column":16},"end":{"line":248,"column":27}},"loc":{"start":{"line":248,"column":46},"end":{"line":270,"column":1}}},"19":{"name":"(anonymous_19)","decl":{"start":{"line":249,"column":11},"end":{"line":249,"column":null}},"loc":{"start":{"line":252,"column":38},"end":{"line":269,"column":5}}},"20":{"name":"(anonymous_20)","decl":{"start":{"line":259,"column":27},"end":{"line":259,"column":32}},"loc":{"start":{"line":259,"column":61},"end":{"line":266,"column":9}}}},"branchMap":{"0":{"loc":{"start":{"line":39,"column":8},"end":{"line":41,"column":9}},"type":"if","locations":[{"start":{"line":39,"column":8},"end":{"line":41,"column":9}}]},"1":{"loc":{"start":{"line":65,"column":8},"end":{"line":67,"column":9}},"type":"if","locations":[{"start":{"line":65,"column":8},"end":{"line":67,"column":9}}]},"2":{"loc":{"start":{"line":69,"column":8},"end":{"line":71,"column":9}},"type":"if","locations":[{"start":{"line":69,"column":8},"end":{"line":71,"column":9}}]},"3":{"loc":{"start":{"line":84,"column":8},"end":{"line":86,"column":9}},"type":"if","locations":[{"start":{"line":84,"column":8},"end":{"line":86,"column":9}}]},"4":{"loc":{"start":{"line":84,"column":12},"end":{"line":84,"column":42}},"type":"binary-expr","locations":[{"start":{"line":84,"column":12},"end":{"line":84,"column":19}},{"start":{"line":84,"column":23},"end":{"line":84,"column":42}}]},"5":{"loc":{"start":{"line":110,"column":15},"end":{"line":110,"column":41}},"type":"cond-expr","locations":[{"start":{"line":110,"column":24},"end":{"line":110,"column":34}},{"start":{"line":110,"column":37},"end":{"line":110,"column":41}}]},"6":{"loc":{"start":{"line":120,"column":15},"end":{"line":120,"column":44}},"type":"cond-expr","locations":[{"start":{"line":120,"column":24},"end":{"line":120,"column":37}},{"start":{"line":120,"column":40},"end":{"line":120,"column":44}}]},"7":{"loc":{"start":{"line":139,"column":12},"end":{"line":141,"column":13}},"type":"if","locations":[{"start":{"line":139,"column":12},"end":{"line":141,"column":13}}]},"8":{"loc":{"start":{"line":167,"column":8},"end":{"line":169,"column":9}},"type":"if","locations":[{"start":{"line":167,"column":8},"end":{"line":169,"column":9}}]},"9":{"loc":{"start":{"line":205,"column":23},"end":{"line":205,"column":66}},"type":"binary-expr","locations":[{"start":{"line":205,"column":23},"end":{"line":205,"column":30}},{"start":{"line":205,"column":34},"end":{"line":205,"column":66}}]}},"s":{"0":2,"1":2,"2":2,"3":2,"4":2,"5":7,"6":2,"7":7,"8":2,"9":2,"10":25,"11":1,"12":24,"13":22,"14":24,"15":24,"16":17,"17":17,"18":6,"19":11,"20":11,"21":11,"22":11,"23":12,"24":11,"25":2,"26":2,"27":3,"28":3,"29":6,"30":3,"31":3,"32":3,"33":3,"34":3,"35":3,"36":26,"37":2,"38":2,"39":2,"40":1,"41":1,"42":1,"43":1,"44":1,"45":1,"46":1,"47":1,"48":1,"49":1,"50":1,"51":1,"52":2,"53":11,"54":11,"55":11,"56":10,"57":10,"58":10,"59":10,"60":1,"61":1,"62":1,"63":1,"64":2,"65":3,"66":1,"67":1,"68":1,"69":1,"70":1,"71":1,"72":1,"73":1,"74":1,"75":2},"f":{"0":2,"1":7,"2":2,"3":2,"4":25,"5":17,"6":12,"7":2,"8":3,"9":6,"10":3,"11":26,"12":2,"13":2,"14":11,"15":10,"16":1,"17":3,"18":1,"19":1,"20":1},"b":{"0":[2],"1":[1],"2":[22],"3":[6],"4":[17,11],"5":[1,1],"6":[1,2],"7":[3],"8":[1],"9":[11,3]}}
,"/Users/klein/workspace/tech/personal_project/vscode/extension/shell_formatter/src/utils/plugin/BasePlugin.ts": {"path":"/Users/klein/workspace/tech/personal_project/vscode/extension/shell_formatter/src/utils/plugin/BasePlugin.ts","statementMap":{"0":{"start":{"line":13,"column":0},"end":{"line":13,"column":32}},"1":{"start":{"line":42,"column":12},"end":{"line":42,"column":48}},"2":{"start":{"line":83,"column":8},"end":{"line":83,"column":37}},"3":{"start":{"line":84,"column":8},"end":{"line":84,"column":66}},"4":{"start":{"line":119,"column":8},"end":{"line":123,"column":9}},"5":{"start":{"line":120,"column":12},"end":{"line":122,"column":14}},"6":{"start":{"line":125,"column":31},"end":{"line":125,"column":80}},"7":{"start":{"line":126,"column":8},"end":{"line":126,"column":49}},"8":{"start":{"line":128,"column":8},"end":{"line":128,"column":83}},"9":{"start":{"line":129,"column":8},"end":{"line":129,"column":30}},"10":{"start":{"line":147,"column":8},"end":{"line":152,"column":9}},"11":{"start":{"line":148,"column":12},"end":{"line":150,"column":14}},"12":{"start":{"line":151,"column":12},"end":{"line":151,"column":25}},"13":{"start":{"line":154,"column":24},"end":{"line":154,"column":67}},"14":{"start":{"line":155,"column":8},"end":{"line":160,"column":9}},"15":{"start":{"line":156,"column":12},"end":{"line":156,"column":56}},"16":{"start":{"line":157,"column":12},"end":{"line":159,"column":14}},"17":{"start":{"line":162,"column":8},"end":{"line":162,"column":23}},"18":{"start":{"line":189,"column":8},"end":{"line":193,"column":9}},"19":{"start":{"line":190,"column":12},"end":{"line":192,"column":14}},"20":{"start":{"line":195,"column":22},"end":{"line":195,"column":81}},"21":{"start":{"line":196,"column":8},"end":{"line":204,"column":10}},"22":{"start":{"line":206,"column":8},"end":{"line":206,"column":21}},"23":{"start":{"line":237,"column":8},"end":{"line":241,"column":9}},"24":{"start":{"line":238,"column":12},"end":{"line":240,"column":14}},"25":{"start":{"line":243,"column":22},"end":{"line":246,"column":10}},"26":{"start":{"line":247,"column":8},"end":{"line":253,"column":10}},"27":{"start":{"line":255,"column":8},"end":{"line":255,"column":21}},"28":{"start":{"line":272,"column":8},"end":{"line":279,"column":11}},"29":{"start":{"line":291,"column":8},"end":{"line":291,"column":18}},"30":{"start":{"line":303,"column":8},"end":{"line":303,"column":18}},"31":{"start":{"line":332,"column":8},"end":{"line":336,"column":9}},"32":{"start":{"line":333,"column":12},"end":{"line":335,"column":13}},"33":{"start":{"line":334,"column":16},"end":{"line":334,"column":60}},"34":{"start":{"line":337,"column":8},"end":{"line":337,"column":37}},"35":{"start":{"line":350,"column":8},"end":{"line":355,"column":10}},"36":{"start":{"line":371,"column":8},"end":{"line":376,"column":9}},"37":{"start":{"line":372,"column":12},"end":{"line":372,"column":37}},"38":{"start":{"line":374,"column":12},"end":{"line":374,"column":78}},"39":{"start":{"line":375,"column":12},"end":{"line":375,"column":29}},"40":{"start":{"line":394,"column":8},"end":{"line":401,"column":9}},"41":{"start":{"line":395,"column":12},"end":{"line":395,"column":37}},"42":{"start":{"line":397,"column":12},"end":{"line":399,"column":14}},"43":{"start":{"line":400,"column":12},"end":{"line":400,"column":32}},"44":{"start":{"line":33,"column":0},"end":{"line":33,"column":22}}},"fnMap":{"0":{"name":"(anonymous_0)","decl":{"start":{"line":33,"column":0},"end":{"line":33,"column":22}},"loc":{"start":{"line":33,"column":0},"end":{"line":403,"column":1}}},"1":{"name":"(anonymous_1)","decl":{"start":{"line":82,"column":4},"end":{"line":82,"column":17}},"loc":{"start":{"line":82,"column":40},"end":{"line":85,"column":5}}},"2":{"name":"(anonymous_2)","decl":{"start":{"line":114,"column":14},"end":{"line":114,"column":30}},"loc":{"start":{"line":117,"column":44},"end":{"line":130,"column":5}}},"3":{"name":"(anonymous_3)","decl":{"start":{"line":146,"column":14},"end":{"line":146,"column":32}},"loc":{"start":{"line":146,"column":55},"end":{"line":163,"column":5}}},"4":{"name":"(anonymous_4)","decl":{"start":{"line":184,"column":14},"end":{"line":184,"column":21}},"loc":{"start":{"line":187,"column":23},"end":{"line":207,"column":5}}},"5":{"name":"(anonymous_5)","decl":{"start":{"line":232,"column":14},"end":{"line":232,"column":28}},"loc":{"start":{"line":235,"column":9},"end":{"line":256,"column":5}}},"6":{"name":"(anonymous_6)","decl":{"start":{"line":268,"column":14},"end":{"line":268,"column":35}},"loc":{"start":{"line":270,"column":48},"end":{"line":280,"column":5}}},"7":{"name":"(anonymous_7)","decl":{"start":{"line":290,"column":4},"end":{"line":290,"column":19}},"loc":{"start":{"line":290,"column":19},"end":{"line":292,"column":5}}},"8":{"name":"(anonymous_8)","decl":{"start":{"line":302,"column":4},"end":{"line":302,"column":19}},"loc":{"start":{"line":302,"column":19},"end":{"line":304,"column":5}}},"9":{"name":"(anonymous_9)","decl":{"start":{"line":330,"column":4},"end":{"line":330,"column":9}},"loc":{"start":{"line":330,"column":22},"end":{"line":338,"column":5}}},"10":{"name":"(anonymous_10)","decl":{"start":{"line":344,"column":4},"end":{"line":344,"column":15}},"loc":{"start":{"line":344,"column":15},"end":{"line":356,"column":5}}},"11":{"name":"(anonymous_11)","decl":{"start":{"line":367,"column":14},"end":{"line":367,"column":19}},"loc":{"start":{"line":369,"column":23},"end":{"line":377,"column":5}}},"12":{"name":"(anonymous_12)","decl":{"start":{"line":389,"column":14},"end":{"line":389,"column":19}},"loc":{"start":{"line":392,"column":23},"end":{"line":402,"column":5}}}},"branchMap":{"0":{"loc":{"start":{"line":119,"column":8},"end":{"line":123,"column":9}},"type":"if","locations":[{"start":{"line":119,"column":8},"end":{"line":123,"column":9}}]},"1":{"loc":{"start":{"line":147,"column":8},"end":{"line":152,"column":9}},"type":"if","locations":[{"start":{"line":147,"column":8},"end":{"line":152,"column":9}}]},"2":{"loc":{"start":{"line":155,"column":8},"end":{"line":160,"column":9}},"type":"if","locations":[{"start":{"line":155,"column":8},"end":{"line":160,"column":9}}]},"3":{"loc":{"start":{"line":189,"column":8},"end":{"line":193,"column":9}},"type":"if","locations":[{"start":{"line":189,"column":8},"end":{"line":193,"column":9}}]},"4":{"loc":{"start":{"line":195,"column":61},"end":{"line":195,"column":80}},"type":"binary-expr","locations":[{"start":{"line":195,"column":61},"end":{"line":195,"column":67}},{"start":{"line":195,"column":71},"end":{"line":195,"column":80}}]},"5":{"loc":{"start":{"line":237,"column":8},"end":{"line":241,"column":9}},"type":"if","locations":[{"start":{"line":237,"column":8},"end":{"line":241,"column":9}}]},"6":{"loc":{"start":{"line":245,"column":20},"end":{"line":245,"column":47}},"type":"binary-expr","locations":[{"start":{"line":245,"column":20},"end":{"line":245,"column":34}},{"start":{"line":245,"column":38},"end":{"line":245,"column":47}}]},"7":{"loc":{"start":{"line":333,"column":12},"end":{"line":335,"column":13}},"type":"if","locations":[{"start":{"line":333,"column":12},"end":{"line":335,"column":13}}]}},"s":{"0":3,"1":48,"2":20,"3":20,"4":11,"5":1,"6":10,"7":10,"8":10,"9":10,"10":4,"11":1,"12":1,"13":3,"14":3,"15":2,"16":2,"17":3,"18":7,"19":2,"20":5,"21":5,"22":5,"23":6,"24":1,"25":5,"26":5,"27":5,"28":2,"29":1,"30":1,"31":3,"32":4,"33":4,"34":3,"35":1,"36":2,"37":2,"38":1,"39":1,"40":2,"41":2,"42":1,"43":1,"44":3},"f":{"0":48,"1":20,"2":11,"3":4,"4":7,"5":6,"6":2,"7":1,"8":1,"9":3,"10":1,"11":2,"12":2},"b":{"0":[1],"1":[1],"2":[2],"3":[2],"4":[5,4],"5":[1],"6":[5,4],"7":[4]}}
,"/Users/klein/workspace/tech/personal_project/vscode/extension/shell_formatter/src/utils/plugin/MessageBus.ts": {"path":"/Users/klein/workspace/tech/personal_project/vscode/extension/shell_formatter/src/utils/plugin/MessageBus.ts","statementMap":{"0":{"start":{"line":14,"column":0},"end":{"line":14,"column":32}},"1":{"start":{"line":34,"column":12},"end":{"line":34,"column":74}},"2":{"start":{"line":35,"column":12},"end":{"line":39,"column":6}},"3":{"start":{"line":41,"column":12},"end":{"line":41,"column":38}},"4":{"start":{"line":48,"column":8},"end":{"line":54,"column":10}},"5":{"start":{"line":71,"column":29},"end":{"line":71,"column":82}},"6":{"start":{"line":72,"column":24},"end":{"line":72,"column":57}},"7":{"start":{"line":73,"column":8},"end":{"line":75,"column":9}},"8":{"start":{"line":74,"column":12},"end":{"line":74,"column":78}},"9":{"start":{"line":78,"column":31},"end":{"line":78,"column":68}},"10":{"start":{"line":81,"column":50},"end":{"line":90,"column":10}},"11":{"start":{"line":93,"column":8},"end":{"line":95,"column":9}},"12":{"start":{"line":94,"column":12},"end":{"line":94,"column":45}},"13":{"start":{"line":96,"column":8},"end":{"line":96,"column":57}},"14":{"start":{"line":98,"column":8},"end":{"line":102,"column":9}},"15":{"start":{"line":99,"column":12},"end":{"line":101,"column":14}},"16":{"start":{"line":104,"column":8},"end":{"line":104,"column":30}},"17":{"start":{"line":120,"column":8},"end":{"line":123,"column":11}},"18":{"start":{"line":133,"column":8},"end":{"line":151,"column":9}},"19":{"start":{"line":134,"column":26},"end":{"line":134,"column":85}},"20":{"start":{"line":134,"column":59},"end":{"line":134,"column":84}},"21":{"start":{"line":135,"column":12},"end":{"line":150,"column":13}},"22":{"start":{"line":136,"column":16},"end":{"line":136,"column":47}},"23":{"start":{"line":139,"column":16},"end":{"line":141,"column":17}},"24":{"start":{"line":140,"column":20},"end":{"line":140,"column":52}},"25":{"start":{"line":143,"column":16},"end":{"line":147,"column":17}},"26":{"start":{"line":144,"column":20},"end":{"line":146,"column":22}},"27":{"start":{"line":149,"column":16},"end":{"line":149,"column":28}},"28":{"start":{"line":153,"column":8},"end":{"line":155,"column":9}},"29":{"start":{"line":154,"column":12},"end":{"line":154,"column":82}},"30":{"start":{"line":157,"column":8},"end":{"line":157,"column":21}},"31":{"start":{"line":167,"column":30},"end":{"line":167,"column":58}},"32":{"start":{"line":168,"column":8},"end":{"line":170,"column":9}},"33":{"start":{"line":169,"column":12},"end":{"line":169,"column":21}},"34":{"start":{"line":172,"column":22},"end":{"line":172,"column":42}},"35":{"start":{"line":173,"column":8},"end":{"line":173,"column":40}},"36":{"start":{"line":175,"column":8},"end":{"line":179,"column":9}},"37":{"start":{"line":176,"column":12},"end":{"line":178,"column":14}},"38":{"start":{"line":181,"column":8},"end":{"line":181,"column":21}},"39":{"start":{"line":188,"column":22},"end":{"line":188,"column":75}},"40":{"start":{"line":189,"column":8},"end":{"line":189,"column":35}},"41":{"start":{"line":191,"column":8},"end":{"line":193,"column":9}},"42":{"start":{"line":192,"column":12},"end":{"line":192,"column":71}},"43":{"start":{"line":216,"column":8},"end":{"line":220,"column":11}},"44":{"start":{"line":252,"column":36},"end":{"line":257,"column":10}},"45":{"start":{"line":259,"column":8},"end":{"line":259,"column":34}},"46":{"start":{"line":261,"column":8},"end":{"line":265,"column":9}},"47":{"start":{"line":262,"column":12},"end":{"line":264,"column":14}},"48":{"start":{"line":267,"column":30},"end":{"line":267,"column":66}},"49":{"start":{"line":268,"column":8},"end":{"line":275,"column":9}},"50":{"start":{"line":269,"column":12},"end":{"line":273,"column":13}},"51":{"start":{"line":270,"column":16},"end":{"line":272,"column":18}},"52":{"start":{"line":274,"column":12},"end":{"line":274,"column":21}},"53":{"start":{"line":278,"column":36},"end":{"line":279,"column":null}},"54":{"start":{"line":279,"column":22},"end":{"line":279,"column":75}},"55":{"start":{"line":283,"column":38},"end":{"line":296,"column":10}},"56":{"start":{"line":284,"column":12},"end":{"line":286,"column":13}},"57":{"start":{"line":285,"column":16},"end":{"line":285,"column":28}},"58":{"start":{"line":287,"column":12},"end":{"line":295,"column":13}},"59":{"start":{"line":288,"column":16},"end":{"line":288,"column":51}},"60":{"start":{"line":290,"column":16},"end":{"line":293,"column":18}},"61":{"start":{"line":294,"column":16},"end":{"line":294,"column":29}},"62":{"start":{"line":299,"column":29},"end":{"line":299,"column":30}},"63":{"start":{"line":300,"column":41},"end":{"line":300,"column":43}},"64":{"start":{"line":302,"column":8},"end":{"line":356,"column":9}},"65":{"start":{"line":303,"column":12},"end":{"line":355,"column":13}},"66":{"start":{"line":306,"column":34},"end":{"line":306,"column":65}},"67":{"start":{"line":307,"column":16},"end":{"line":322,"column":17}},"68":{"start":{"line":308,"column":20},"end":{"line":319,"column":23}},"69":{"start":{"line":311,"column":28},"end":{"line":316,"column":null}},"70":{"start":{"line":313,"column":36},"end":{"line":314,"column":null}},"71":{"start":{"line":321,"column":20},"end":{"line":321,"column":59}},"72":{"start":{"line":325,"column":16},"end":{"line":327,"column":17}},"73":{"start":{"line":326,"column":20},"end":{"line":326,"column":33}},"74":{"start":{"line":329,"column":16},"end":{"line":329,"column":33}},"75":{"start":{"line":330,"column":16},"end":{"line":330,"column":47}},"76":{"start":{"line":333,"column":16},"end":{"line":335,"column":17}},"77":{"start":{"line":334,"column":20},"end":{"line":334,"column":57}},"78":{"start":{"line":337,"column":16},"end":{"line":337,"column":38}},"79":{"start":{"line":338,"column":33},"end":{"line":338,"column":47}},"80":{"start":{"line":340,"column":16},"end":{"line":354,"column":17}},"81":{"start":{"line":341,"column":20},"end":{"line":348,"column":21}},"82":{"start":{"line":342,"column":24},"end":{"line":342,"column":77}},"83":{"start":{"line":344,"column":24},"end":{"line":347,"column":26}},"84":{"start":{"line":350,"column":20},"end":{"line":353,"column":22}},"85":{"start":{"line":359,"column":8},"end":{"line":361,"column":9}},"86":{"start":{"line":360,"column":12},"end":{"line":360,"column":33}},"87":{"start":{"line":363,"column":8},"end":{"line":367,"column":9}},"88":{"start":{"line":364,"column":12},"end":{"line":366,"column":14}},"89":{"start":{"line":369,"column":8},"end":{"line":369,"column":30}},"90":{"start":{"line":379,"column":30},"end":{"line":379,"column":58}},"91":{"start":{"line":380,"column":8},"end":{"line":380,"column":56}},"92":{"start":{"line":390,"column":8},"end":{"line":390,"column":49}},"93":{"start":{"line":399,"column":35},"end":{"line":400,"column":19}},"94":{"start":{"line":401,"column":33},"end":{"line":401,"column":56}},"95":{"start":{"line":403,"column":8},"end":{"line":409,"column":10}},"96":{"start":{"line":416,"column":8},"end":{"line":420,"column":10}},"97":{"start":{"line":429,"column":8},"end":{"line":429,"column":53}},"98":{"start":{"line":33,"column":0},"end":{"line":33,"column":13}}},"fnMap":{"0":{"name":"(anonymous_0)","decl":{"start":{"line":47,"column":4},"end":{"line":47,"column":16}},"loc":{"start":{"line":47,"column":45},"end":{"line":55,"column":5}}},"1":{"name":"(anonymous_1)","decl":{"start":{"line":65,"column":4},"end":{"line":65,"column":13}},"loc":{"start":{"line":68,"column":48},"end":{"line":105,"column":5}}},"2":{"name":"(anonymous_2)","decl":{"start":{"line":115,"column":4},"end":{"line":115,"column":8}},"loc":{"start":{"line":118,"column":48},"end":{"line":124,"column":5}}},"3":{"name":"(anonymous_3)","decl":{"start":{"line":132,"column":4},"end":{"line":132,"column":15}},"loc":{"start":{"line":132,"column":38},"end":{"line":158,"column":5}}},"4":{"name":"(anonymous_4)","decl":{"start":{"line":134,"column":50},"end":{"line":134,"column":51}},"loc":{"start":{"line":134,"column":59},"end":{"line":134,"column":84}}},"5":{"name":"(anonymous_5)","decl":{"start":{"line":166,"column":4},"end":{"line":166,"column":18}},"loc":{"start":{"line":166,"column":36},"end":{"line":182,"column":5}}},"6":{"name":"(anonymous_6)","decl":{"start":{"line":187,"column":4},"end":{"line":187,"column":9}},"loc":{"start":{"line":187,"column":9},"end":{"line":194,"column":5}}},"7":{"name":"(anonymous_7)","decl":{"start":{"line":211,"column":4},"end":{"line":211,"column":9}},"loc":{"start":{"line":214,"column":23},"end":{"line":221,"column":5}}},"8":{"name":"(anonymous_8)","decl":{"start":{"line":243,"column":4},"end":{"line":243,"column":9}},"loc":{"start":{"line":249,"column":9},"end":{"line":370,"column":5}}},"9":{"name":"(anonymous_9)","decl":{"start":{"line":279,"column":12},"end":{"line":279,"column":13}},"loc":{"start":{"line":279,"column":22},"end":{"line":279,"column":75}}},"10":{"name":"(anonymous_10)","decl":{"start":{"line":283,"column":65},"end":{"line":283,"column":66}},"loc":{"start":{"line":283,"column":73},"end":{"line":296,"column":9}}},"11":{"name":"(anonymous_11)","decl":{"start":{"line":310,"column":36},"end":{"line":310,"column":37}},"loc":{"start":{"line":311,"column":28},"end":{"line":316,"column":null}}},"12":{"name":"(anonymous_12)","decl":{"start":{"line":312,"column":32},"end":{"line":312,"column":35}},"loc":{"start":{"line":313,"column":36},"end":{"line":314,"column":null}}},"13":{"name":"(anonymous_13)","decl":{"start":{"line":378,"column":4},"end":{"line":378,"column":22}},"loc":{"start":{"line":378,"column":40},"end":{"line":381,"column":5}}},"14":{"name":"(anonymous_14)","decl":{"start":{"line":389,"column":4},"end":{"line":389,"column":18}},"loc":{"start":{"line":389,"column":36},"end":{"line":391,"column":5}}},"15":{"name":"(anonymous_15)","decl":{"start":{"line":398,"column":4},"end":{"line":398,"column":12}},"loc":{"start":{"line":398,"column":12},"end":{"line":410,"column":5}}},"16":{"name":"(anonymous_16)","decl":{"start":{"line":415,"column":4},"end":{"line":415,"column":14}},"loc":{"start":{"line":415,"column":14},"end":{"line":421,"column":5}}},"17":{"name":"(anonymous_17)","decl":{"start":{"line":428,"column":4},"end":{"line":428,"column":19}},"loc":{"start":{"line":428,"column":19},"end":{"line":430,"column":5}}}},"branchMap":{"0":{"loc":{"start":{"line":47,"column":16},"end":{"line":47,"column":45}},"type":"default-arg","locations":[{"start":{"line":47,"column":43},"end":{"line":47,"column":45}}]},"1":{"loc":{"start":{"line":68,"column":8},"end":{"line":68,"column":48}},"type":"default-arg","locations":[{"start":{"line":68,"column":46},"end":{"line":68,"column":48}}]},"2":{"loc":{"start":{"line":72,"column":24},"end":{"line":72,"column":57}},"type":"binary-expr","locations":[{"start":{"line":72,"column":24},"end":{"line":72,"column":52}},{"start":{"line":72,"column":56},"end":{"line":72,"column":57}}]},"3":{"loc":{"start":{"line":73,"column":8},"end":{"line":75,"column":9}},"type":"if","locations":[{"start":{"line":73,"column":8},"end":{"line":75,"column":9}}]},"4":{"loc":{"start":{"line":73,"column":12},"end":{"line":73,"column":50}},"type":"binary-expr","locations":[{"start":{"line":73,"column":12},"end":{"line":73,"column":23}},{"start":{"line":73,"column":27},"end":{"line":73,"column":50}}]},"5":{"loc":{"start":{"line":93,"column":8},"end":{"line":95,"column":9}},"type":"if","locations":[{"start":{"line":93,"column":8},"end":{"line":95,"column":9}}]},"6":{"loc":{"start":{"line":98,"column":8},"end":{"line":102,"column":9}},"type":"if","locations":[{"start":{"line":98,"column":8},"end":{"line":102,"column":9}}]},"7":{"loc":{"start":{"line":118,"column":8},"end":{"line":118,"column":48}},"type":"default-arg","locations":[{"start":{"line":118,"column":46},"end":{"line":118,"column":48}}]},"8":{"loc":{"start":{"line":135,"column":12},"end":{"line":150,"column":13}},"type":"if","locations":[{"start":{"line":135,"column":12},"end":{"line":150,"column":13}}]},"9":{"loc":{"start":{"line":139,"column":16},"end":{"line":141,"column":17}},"type":"if","locations":[{"start":{"line":139,"column":16},"end":{"line":141,"column":17}}]},"10":{"loc":{"start":{"line":143,"column":16},"end":{"line":147,"column":17}},"type":"if","locations":[{"start":{"line":143,"column":16},"end":{"line":147,"column":17}}]},"11":{"loc":{"start":{"line":153,"column":8},"end":{"line":155,"column":9}},"type":"if","locations":[{"start":{"line":153,"column":8},"end":{"line":155,"column":9}}]},"12":{"loc":{"start":{"line":168,"column":8},"end":{"line":170,"column":9}},"type":"if","locations":[{"start":{"line":168,"column":8},"end":{"line":170,"column":9}}]},"13":{"loc":{"start":{"line":175,"column":8},"end":{"line":179,"column":9}},"type":"if","locations":[{"start":{"line":175,"column":8},"end":{"line":179,"column":9}}]},"14":{"loc":{"start":{"line":191,"column":8},"end":{"line":193,"column":9}},"type":"if","locations":[{"start":{"line":191,"column":8},"end":{"line":193,"column":9}}]},"15":{"loc":{"start":{"line":261,"column":8},"end":{"line":265,"column":9}},"type":"if","locations":[{"start":{"line":261,"column":8},"end":{"line":265,"column":9}}]},"16":{"loc":{"start":{"line":268,"column":8},"end":{"line":275,"column":9}},"type":"if","locations":[{"start":{"line":268,"column":8},"end":{"line":275,"column":9}}]},"17":{"loc":{"start":{"line":268,"column":12},"end":{"line":268,"column":56}},"type":"binary-expr","locations":[{"start":{"line":268,"column":12},"end":{"line":268,"column":26}},{"start":{"line":268,"column":30},"end":{"line":268,"column":56}}]},"18":{"loc":{"start":{"line":269,"column":12},"end":{"line":273,"column":13}},"type":"if","locations":[{"start":{"line":269,"column":12},"end":{"line":273,"column":13}}]},"19":{"loc":{"start":{"line":279,"column":23},"end":{"line":279,"column":46}},"type":"binary-expr","locations":[{"start":{"line":279,"column":23},"end":{"line":279,"column":41}},{"start":{"line":279,"column":45},"end":{"line":279,"column":46}}]},"20":{"loc":{"start":{"line":279,"column":51},"end":{"line":279,"column":74}},"type":"binary-expr","locations":[{"start":{"line":279,"column":51},"end":{"line":279,"column":69}},{"start":{"line":279,"column":73},"end":{"line":279,"column":74}}]},"21":{"loc":{"start":{"line":284,"column":12},"end":{"line":286,"column":13}},"type":"if","locations":[{"start":{"line":284,"column":12},"end":{"line":286,"column":13}}]},"22":{"loc":{"start":{"line":306,"column":34},"end":{"line":306,"column":65}},"type":"binary-expr","locations":[{"start":{"line":306,"column":34},"end":{"line":306,"column":60}},{"start":{"line":306,"column":64},"end":{"line":306,"column":65}}]},"23":{"loc":{"start":{"line":307,"column":16},"end":{"line":322,"column":17}},"type":"if","locations":[{"start":{"line":307,"column":16},"end":{"line":322,"column":17}},{"start":{"line":320,"column":23},"end":{"line":322,"column":17}}]},"24":{"loc":{"start":{"line":325,"column":16},"end":{"line":327,"column":17}},"type":"if","locations":[{"start":{"line":325,"column":16},"end":{"line":327,"column":17}}]},"25":{"loc":{"start":{"line":333,"column":16},"end":{"line":335,"column":17}},"type":"if","locations":[{"start":{"line":333,"column":16},"end":{"line":335,"column":17}}]},"26":{"loc":{"start":{"line":340,"column":16},"end":{"line":354,"column":17}},"type":"if","locations":[{"start":{"line":340,"column":16},"end":{"line":354,"column":17}},{"start":{"line":349,"column":23},"end":{"line":354,"column":17}}]},"27":{"loc":{"start":{"line":363,"column":8},"end":{"line":367,"column":9}},"type":"if","locations":[{"start":{"line":363,"column":8},"end":{"line":367,"column":9}}]},"28":{"loc":{"start":{"line":380,"column":15},"end":{"line":380,"column":55}},"type":"cond-expr","locations":[{"start":{"line":380,"column":31},"end":{"line":380,"column":51}},{"start":{"line":380,"column":54},"end":{"line":380,"column":55}}]}},"s":{"0":3,"1":155,"2":155,"3":155,"4":155,"5":181,"6":181,"7":181,"8":1,"9":180,"10":180,"11":180,"12":169,"13":180,"14":180,"15":8,"16":180,"17":1,"18":14,"19":11,"20":11,"21":11,"22":11,"23":11,"24":11,"25":11,"26":1,"27":11,"28":3,"29":1,"30":3,"31":5,"32":5,"33":2,"34":3,"35":3,"36":3,"37":1,"38":3,"39":2,"40":2,"41":2,"42":1,"43":43,"44":144,"45":144,"46":144,"47":3,"48":144,"49":144,"50":100,"51":1,"52":100,"53":44,"54":9,"55":44,"56":52,"57":49,"58":3,"59":3,"60":1,"61":1,"62":44,"63":44,"64":44,"65":50,"66":50,"67":50,"68":1,"69":1,"70":1,"71":49,"72":46,"73":1,"74":46,"75":46,"76":46,"77":2,"78":4,"79":4,"80":4,"81":3,"82":3,"83":1,"84":1,"85":44,"86":2,"87":44,"88":2,"89":44,"90":6,"91":6,"92":2,"93":2,"94":2,"95":2,"96":1,"97":2,"98":3},"f":{"0":155,"1":181,"2":1,"3":14,"4":11,"5":5,"6":2,"7":43,"8":144,"9":9,"10":52,"11":1,"12":1,"13":6,"14":2,"15":2,"16":1,"17":2},"b":{"0":[142],"1":[169],"2":[181,0],"3":[1],"4":[181,3],"5":[169],"6":[8],"7":[1],"8":[11],"9":[11],"10":[1],"11":[1],"12":[2],"13":[1],"14":[1],"15":[3],"16":[100],"17":[144,44],"18":[1],"19":[9,6],"20":[9,5],"21":[49],"22":[50,0],"23":[1,49],"24":[1],"25":[2],"26":[3,1],"27":[2],"28":[3,3]}}
,"/Users/klein/workspace/tech/personal_project/vscode/extension/shell_formatter/src/utils/plugin/PluginManager.ts": {"path":"/Users/klein/workspace/tech/personal_project/vscode/extension/shell_formatter/src/utils/plugin/PluginManager.ts","statementMap":{"0":{"start":{"line":23,"column":0},"end":{"line":23,"column":32}},"1":{"start":{"line":25,"column":0},"end":{"line":25,"column":42}},"2":{"start":{"line":26,"column":0},"end":{"line":26,"column":75}},"3":{"start":{"line":71,"column":12},"end":{"line":71,"column":49}},"4":{"start":{"line":72,"column":12},"end":{"line":72,"column":46}},"5":{"start":{"line":81,"column":8},"end":{"line":85,"column":10}},"6":{"start":{"line":87,"column":8},"end":{"line":87,"column":66}},"7":{"start":{"line":88,"column":8},"end":{"line":88,"column":62}},"8":{"start":{"line":96,"column":31},"end":{"line":96,"column":60}},"9":{"start":{"line":98,"column":8},"end":{"line":102,"column":9}},"10":{"start":{"line":99,"column":12},"end":{"line":101,"column":14}},"11":{"start":{"line":105,"column":8},"end":{"line":107,"column":9}},"12":{"start":{"line":106,"column":12},"end":{"line":106,"column":50}},"13":{"start":{"line":109,"column":8},"end":{"line":109,"column":46}},"14":{"start":{"line":110,"column":8},"end":{"line":112,"column":10}},"15":{"start":{"line":113,"column":8},"end":{"line":115,"column":10}},"16":{"start":{"line":123,"column":23},"end":{"line":123,"column":45}},"17":{"start":{"line":125,"column":8},"end":{"line":128,"column":9}},"18":{"start":{"line":126,"column":12},"end":{"line":126,"column":63}},"19":{"start":{"line":127,"column":12},"end":{"line":127,"column":19}},"20":{"start":{"line":131,"column":8},"end":{"line":146,"column":9}},"21":{"start":{"line":132,"column":12},"end":{"line":145,"column":13}},"22":{"start":{"line":133,"column":31},"end":{"line":133,"column":52}},"23":{"start":{"line":134,"column":16},"end":{"line":136,"column":17}},"24":{"start":{"line":135,"column":20},"end":{"line":135,"column":33}},"25":{"start":{"line":137,"column":16},"end":{"line":137,"column":77}},"26":{"start":{"line":139,"column":16},"end":{"line":141,"column":18}},"27":{"start":{"line":142,"column":16},"end":{"line":144,"column":17}},"28":{"start":{"line":143,"column":20},"end":{"line":143,"column":32}},"29":{"start":{"line":148,"column":8},"end":{"line":148,"column":34}},"30":{"start":{"line":149,"column":8},"end":{"line":149,"column":40}},"31":{"start":{"line":150,"column":8},"end":{"line":150,"column":52}},"32":{"start":{"line":151,"column":8},"end":{"line":153,"column":10}},"33":{"start":{"line":162,"column":8},"end":{"line":162,"column":38}},"34":{"start":{"line":171,"column":8},"end":{"line":171,"column":38}},"35":{"start":{"line":179,"column":8},"end":{"line":179,"column":49}},"36":{"start":{"line":187,"column":8},"end":{"line":187,"column":77}},"37":{"start":{"line":189,"column":24},"end":{"line":189,"column":57}},"38":{"start":{"line":190,"column":44},"end":{"line":190,"column":46}},"39":{"start":{"line":191,"column":33},"end":{"line":191,"column":35}},"40":{"start":{"line":193,"column":8},"end":{"line":210,"column":10}},"41":{"start":{"line":195,"column":16},"end":{"line":208,"column":17}},"42":{"start":{"line":196,"column":20},"end":{"line":196,"column":68}},"43":{"start":{"line":197,"column":40},"end":{"line":197,"column":66}},"44":{"start":{"line":198,"column":20},"end":{"line":203,"column":21}},"45":{"start":{"line":199,"column":24},"end":{"line":199,"column":54}},"46":{"start":{"line":200,"column":24},"end":{"line":200,"column":78}},"47":{"start":{"line":202,"column":24},"end":{"line":202,"column":80}},"48":{"start":{"line":205,"column":32},"end":{"line":205,"column":106}},"49":{"start":{"line":206,"column":20},"end":{"line":206,"column":39}},"50":{"start":{"line":207,"column":20},"end":{"line":207,"column":37}},"51":{"start":{"line":212,"column":8},"end":{"line":214,"column":10}},"52":{"start":{"line":215,"column":8},"end":{"line":217,"column":9}},"53":{"start":{"line":216,"column":12},"end":{"line":216,"column":78}},"54":{"start":{"line":218,"column":8},"end":{"line":218,"column":32}},"55":{"start":{"line":235,"column":23},"end":{"line":235,"column":45}},"56":{"start":{"line":236,"column":8},"end":{"line":239,"column":9}},"57":{"start":{"line":237,"column":12},"end":{"line":237,"column":64}},"58":{"start":{"line":238,"column":12},"end":{"line":238,"column":25}},"59":{"start":{"line":242,"column":8},"end":{"line":249,"column":11}},"60":{"start":{"line":252,"column":8},"end":{"line":266,"column":9}},"61":{"start":{"line":253,"column":12},"end":{"line":265,"column":13}},"62":{"start":{"line":254,"column":31},"end":{"line":254,"column":52}},"63":{"start":{"line":255,"column":16},"end":{"line":257,"column":17}},"64":{"start":{"line":256,"column":20},"end":{"line":256,"column":33}},"65":{"start":{"line":258,"column":16},"end":{"line":260,"column":18}},"66":{"start":{"line":262,"column":16},"end":{"line":264,"column":18}},"67":{"start":{"line":269,"column":29},"end":{"line":269,"column":61}},"68":{"start":{"line":270,"column":46},"end":{"line":270,"column":48}},"69":{"start":{"line":271,"column":8},"end":{"line":280,"column":9}},"70":{"start":{"line":272,"column":12},"end":{"line":279,"column":13}},"71":{"start":{"line":273,"column":28},"end":{"line":273,"column":71}},"72":{"start":{"line":274,"column":16},"end":{"line":278,"column":17}},"73":{"start":{"line":275,"column":20},"end":{"line":275,"column":50}},"74":{"start":{"line":277,"column":20},"end":{"line":277,"column":61}},"75":{"start":{"line":282,"column":8},"end":{"line":298,"column":9}},"76":{"start":{"line":283,"column":29},"end":{"line":283,"column":59}},"77":{"start":{"line":284,"column":12},"end":{"line":284,"column":77}},"78":{"start":{"line":287,"column":12},"end":{"line":295,"column":15}},"79":{"start":{"line":297,"column":12},"end":{"line":297,"column":25}},"80":{"start":{"line":301,"column":28},"end":{"line":301,"column":54}},"81":{"start":{"line":302,"column":8},"end":{"line":318,"column":9}},"82":{"start":{"line":303,"column":29},"end":{"line":303,"column":64}},"83":{"start":{"line":304,"column":12},"end":{"line":304,"column":35}},"84":{"start":{"line":307,"column":12},"end":{"line":315,"column":15}},"85":{"start":{"line":317,"column":12},"end":{"line":317,"column":25}},"86":{"start":{"line":321,"column":8},"end":{"line":348,"column":9}},"87":{"start":{"line":322,"column":12},"end":{"line":347,"column":13}},"88":{"start":{"line":323,"column":31},"end":{"line":323,"column":50}},"89":{"start":{"line":324,"column":16},"end":{"line":326,"column":17}},"90":{"start":{"line":325,"column":20},"end":{"line":325,"column":33}},"91":{"start":{"line":327,"column":16},"end":{"line":327,"column":75}},"92":{"start":{"line":329,"column":33},"end":{"line":329,"column":75}},"93":{"start":{"line":330,"column":16},"end":{"line":330,"column":63}},"94":{"start":{"line":333,"column":16},"end":{"line":341,"column":19}},"95":{"start":{"line":343,"column":16},"end":{"line":345,"column":17}},"96":{"start":{"line":344,"column":20},"end":{"line":344,"column":32}},"97":{"start":{"line":350,"column":8},"end":{"line":350,"column":37}},"98":{"start":{"line":351,"column":8},"end":{"line":351,"column":49}},"99":{"start":{"line":354,"column":29},"end":{"line":354,"column":55}},"100":{"start":{"line":355,"column":8},"end":{"line":363,"column":11}},"101":{"start":{"line":365,"column":8},"end":{"line":365,"column":20}},"102":{"start":{"line":381,"column":23},"end":{"line":381,"column":45}},"103":{"start":{"line":382,"column":8},"end":{"line":385,"column":9}},"104":{"start":{"line":383,"column":12},"end":{"line":383,"column":62}},"105":{"start":{"line":384,"column":12},"end":{"line":384,"column":25}},"106":{"start":{"line":387,"column":8},"end":{"line":390,"column":9}},"107":{"start":{"line":388,"column":12},"end":{"line":388,"column":65}},"108":{"start":{"line":389,"column":12},"end":{"line":389,"column":25}},"109":{"start":{"line":393,"column":8},"end":{"line":400,"column":11}},"110":{"start":{"line":403,"column":8},"end":{"line":429,"column":9}},"111":{"start":{"line":404,"column":12},"end":{"line":428,"column":13}},"112":{"start":{"line":405,"column":31},"end":{"line":405,"column":52}},"113":{"start":{"line":406,"column":16},"end":{"line":408,"column":17}},"114":{"start":{"line":407,"column":20},"end":{"line":407,"column":33}},"115":{"start":{"line":409,"column":16},"end":{"line":409,"column":77}},"116":{"start":{"line":411,"column":33},"end":{"line":411,"column":77}},"117":{"start":{"line":412,"column":16},"end":{"line":412,"column":63}},"118":{"start":{"line":415,"column":16},"end":{"line":423,"column":19}},"119":{"start":{"line":425,"column":16},"end":{"line":427,"column":17}},"120":{"start":{"line":426,"column":20},"end":{"line":426,"column":32}},"121":{"start":{"line":431,"column":8},"end":{"line":431,"column":40}},"122":{"start":{"line":432,"column":8},"end":{"line":432,"column":51}},"123":{"start":{"line":435,"column":8},"end":{"line":442,"column":11}},"124":{"start":{"line":444,"column":8},"end":{"line":444,"column":20}},"125":{"start":{"line":451,"column":22},"end":{"line":451,"column":45}},"126":{"start":{"line":452,"column":22},"end":{"line":452,"column":52}},"127":{"start":{"line":455,"column":8},"end":{"line":457,"column":9}},"128":{"start":{"line":456,"column":12},"end":{"line":456,"column":40}},"129":{"start":{"line":459,"column":8},"end":{"line":459,"column":56}},"130":{"start":{"line":468,"column":8},"end":{"line":468,"column":58}},"131":{"start":{"line":470,"column":34},"end":{"line":474,"column":null}},"132":{"start":{"line":472,"column":32},"end":{"line":472,"column":57}},"133":{"start":{"line":473,"column":16},"end":{"line":473,"column":41}},"134":{"start":{"line":477,"column":29},"end":{"line":477,"column":78}},"135":{"start":{"line":477,"column":61},"end":{"line":477,"column":70}},"136":{"start":{"line":478,"column":30},"end":{"line":480,"column":31}},"137":{"start":{"line":479,"column":27},"end":{"line":479,"column":37}},"138":{"start":{"line":480,"column":24},"end":{"line":480,"column":30}},"139":{"start":{"line":482,"column":8},"end":{"line":490,"column":9}},"140":{"start":{"line":483,"column":12},"end":{"line":485,"column":14}},"141":{"start":{"line":487,"column":12},"end":{"line":489,"column":14}},"142":{"start":{"line":492,"column":8},"end":{"line":492,"column":28}},"143":{"start":{"line":501,"column":8},"end":{"line":501,"column":83}},"144":{"start":{"line":502,"column":8},"end":{"line":502,"column":35}},"145":{"start":{"line":503,"column":8},"end":{"line":503,"column":44}},"146":{"start":{"line":512,"column":8},"end":{"line":512,"column":44}},"147":{"start":{"line":520,"column":8},"end":{"line":520,"column":46}},"148":{"start":{"line":528,"column":24},"end":{"line":533,"column":11}},"149":{"start":{"line":528,"column":75},"end":{"line":533,"column":10}},"150":{"start":{"line":535,"column":8},"end":{"line":539,"column":10}},"151":{"start":{"line":546,"column":8},"end":{"line":546,"column":29}},"152":{"start":{"line":547,"column":8},"end":{"line":547,"column":35}},"153":{"start":{"line":548,"column":8},"end":{"line":548,"column":43}},"154":{"start":{"line":556,"column":8},"end":{"line":556,"column":31}},"155":{"start":{"line":574,"column":8},"end":{"line":574,"column":82}},"156":{"start":{"line":588,"column":8},"end":{"line":588,"column":55}},"157":{"start":{"line":70,"column":0},"end":{"line":70,"column":13}}},"fnMap":{"0":{"name":"(anonymous_0)","decl":{"start":{"line":80,"column":4},"end":{"line":80,"column":16}},"loc":{"start":{"line":80,"column":48},"end":{"line":89,"column":5}}},"1":{"name":"(anonymous_1)","decl":{"start":{"line":95,"column":4},"end":{"line":95,"column":12}},"loc":{"start":{"line":95,"column":28},"end":{"line":116,"column":5}}},"2":{"name":"(anonymous_2)","decl":{"start":{"line":122,"column":4},"end":{"line":122,"column":9}},"loc":{"start":{"line":122,"column":33},"end":{"line":154,"column":5}}},"3":{"name":"(anonymous_3)","decl":{"start":{"line":161,"column":4},"end":{"line":161,"column":7}},"loc":{"start":{"line":161,"column":20},"end":{"line":163,"column":5}}},"4":{"name":"(anonymous_4)","decl":{"start":{"line":170,"column":4},"end":{"line":170,"column":7}},"loc":{"start":{"line":170,"column":20},"end":{"line":172,"column":5}}},"5":{"name":"(anonymous_5)","decl":{"start":{"line":178,"column":4},"end":{"line":178,"column":10}},"loc":{"start":{"line":178,"column":10},"end":{"line":180,"column":5}}},"6":{"name":"(anonymous_6)","decl":{"start":{"line":186,"column":4},"end":{"line":186,"column":9}},"loc":{"start":{"line":186,"column":29},"end":{"line":219,"column":5}}},"7":{"name":"(anonymous_7)","decl":{"start":{"line":194,"column":24},"end":{"line":194,"column":29}},"loc":{"start":{"line":194,"column":41},"end":{"line":209,"column":13}}},"8":{"name":"(anonymous_8)","decl":{"start":{"line":234,"column":4},"end":{"line":234,"column":9}},"loc":{"start":{"line":234,"column":31},"end":{"line":366,"column":5}}},"9":{"name":"(anonymous_9)","decl":{"start":{"line":380,"column":4},"end":{"line":380,"column":9}},"loc":{"start":{"line":380,"column":33},"end":{"line":445,"column":5}}},"10":{"name":"(anonymous_10)","decl":{"start":{"line":450,"column":4},"end":{"line":450,"column":9}},"loc":{"start":{"line":450,"column":23},"end":{"line":460,"column":5}}},"11":{"name":"(anonymous_11)","decl":{"start":{"line":467,"column":4},"end":{"line":467,"column":9}},"loc":{"start":{"line":467,"column":42},"end":{"line":493,"column":5}}},"12":{"name":"(anonymous_12)","decl":{"start":{"line":471,"column":22},"end":{"line":471,"column":27}},"loc":{"start":{"line":471,"column":37},"end":{"line":474,"column":13}}},"13":{"name":"(anonymous_13)","decl":{"start":{"line":477,"column":54},"end":{"line":477,"column":55}},"loc":{"start":{"line":477,"column":61},"end":{"line":477,"column":70}}},"14":{"name":"(anonymous_14)","decl":{"start":{"line":479,"column":20},"end":{"line":479,"column":21}},"loc":{"start":{"line":479,"column":27},"end":{"line":479,"column":37}}},"15":{"name":"(anonymous_15)","decl":{"start":{"line":480,"column":17},"end":{"line":480,"column":18}},"loc":{"start":{"line":480,"column":24},"end":{"line":480,"column":30}}},"16":{"name":"(anonymous_16)","decl":{"start":{"line":500,"column":4},"end":{"line":500,"column":9}},"loc":{"start":{"line":500,"column":36},"end":{"line":504,"column":5}}},"17":{"name":"(anonymous_17)","decl":{"start":{"line":511,"column":4},"end":{"line":511,"column":12}},"loc":{"start":{"line":511,"column":25},"end":{"line":513,"column":5}}},"18":{"name":"(anonymous_18)","decl":{"start":{"line":519,"column":4},"end":{"line":519,"column":24}},"loc":{"start":{"line":519,"column":24},"end":{"line":521,"column":5}}},"19":{"name":"(anonymous_19)","decl":{"start":{"line":527,"column":4},"end":{"line":527,"column":12}},"loc":{"start":{"line":527,"column":12},"end":{"line":540,"column":5}}},"20":{"name":"(anonymous_20)","decl":{"start":{"line":528,"column":62},"end":{"line":528,"column":63}},"loc":{"start":{"line":528,"column":75},"end":{"line":533,"column":10}}},"21":{"name":"(anonymous_21)","decl":{"start":{"line":545,"column":4},"end":{"line":545,"column":9}},"loc":{"start":{"line":545,"column":9},"end":{"line":549,"column":5}}},"22":{"name":"(anonymous_22)","decl":{"start":{"line":555,"column":4},"end":{"line":555,"column":17}},"loc":{"start":{"line":555,"column":17},"end":{"line":557,"column":5}}},"23":{"name":"(anonymous_23)","decl":{"start":{"line":569,"column":4},"end":{"line":569,"column":9}},"loc":{"start":{"line":572,"column":23},"end":{"line":575,"column":5}}},"24":{"name":"(anonymous_24)","decl":{"start":{"line":585,"column":4},"end":{"line":585,"column":9}},"loc":{"start":{"line":586,"column":27},"end":{"line":589,"column":5}}}},"branchMap":{"0":{"loc":{"start":{"line":80,"column":16},"end":{"line":80,"column":48}},"type":"default-arg","locations":[{"start":{"line":80,"column":46},"end":{"line":80,"column":48}}]},"1":{"loc":{"start":{"line":98,"column":8},"end":{"line":102,"column":9}},"type":"if","locations":[{"start":{"line":98,"column":8},"end":{"line":102,"column":9}}]},"2":{"loc":{"start":{"line":105,"column":8},"end":{"line":107,"column":9}},"type":"if","locations":[{"start":{"line":105,"column":8},"end":{"line":107,"column":9}}]},"3":{"loc":{"start":{"line":125,"column":8},"end":{"line":128,"column":9}},"type":"if","locations":[{"start":{"line":125,"column":8},"end":{"line":128,"column":9}}]},"4":{"loc":{"start":{"line":131,"column":8},"end":{"line":146,"column":9}},"type":"if","locations":[{"start":{"line":131,"column":8},"end":{"line":146,"column":9}}]},"5":{"loc":{"start":{"line":134,"column":16},"end":{"line":136,"column":17}},"type":"if","locations":[{"start":{"line":134,"column":16},"end":{"line":136,"column":17}}]},"6":{"loc":{"start":{"line":142,"column":16},"end":{"line":144,"column":17}},"type":"if","locations":[{"start":{"line":142,"column":16},"end":{"line":144,"column":17}}]},"7":{"loc":{"start":{"line":198,"column":20},"end":{"line":203,"column":21}},"type":"if","locations":[{"start":{"line":198,"column":20},"end":{"line":203,"column":21}},{"start":{"line":201,"column":27},"end":{"line":203,"column":21}}]},"8":{"loc":{"start":{"line":215,"column":8},"end":{"line":217,"column":9}},"type":"if","locations":[{"start":{"line":215,"column":8},"end":{"line":217,"column":9}}]},"9":{"loc":{"start":{"line":236,"column":8},"end":{"line":239,"column":9}},"type":"if","locations":[{"start":{"line":236,"column":8},"end":{"line":239,"column":9}}]},"10":{"loc":{"start":{"line":252,"column":8},"end":{"line":266,"column":9}},"type":"if","locations":[{"start":{"line":252,"column":8},"end":{"line":266,"column":9}}]},"11":{"loc":{"start":{"line":252,"column":12},"end":{"line":252,"column":63}},"type":"binary-expr","locations":[{"start":{"line":252,"column":12},"end":{"line":252,"column":40}},{"start":{"line":252,"column":44},"end":{"line":252,"column":63}}]},"12":{"loc":{"start":{"line":255,"column":16},"end":{"line":257,"column":17}},"type":"if","locations":[{"start":{"line":255,"column":16},"end":{"line":257,"column":17}}]},"13":{"loc":{"start":{"line":269,"column":29},"end":{"line":269,"column":61}},"type":"binary-expr","locations":[{"start":{"line":269,"column":29},"end":{"line":269,"column":55}},{"start":{"line":269,"column":59},"end":{"line":269,"column":61}}]},"14":{"loc":{"start":{"line":272,"column":12},"end":{"line":279,"column":13}},"type":"if","locations":[{"start":{"line":272,"column":12},"end":{"line":279,"column":13}}]},"15":{"loc":{"start":{"line":274,"column":16},"end":{"line":278,"column":17}},"type":"if","locations":[{"start":{"line":274,"column":16},"end":{"line":278,"column":17}},{"start":{"line":276,"column":23},"end":{"line":278,"column":17}}]},"16":{"loc":{"start":{"line":282,"column":8},"end":{"line":298,"column":9}},"type":"if","locations":[{"start":{"line":282,"column":8},"end":{"line":298,"column":9}}]},"17":{"loc":{"start":{"line":302,"column":8},"end":{"line":318,"column":9}},"type":"if","locations":[{"start":{"line":302,"column":8},"end":{"line":318,"column":9}}]},"18":{"loc":{"start":{"line":321,"column":8},"end":{"line":348,"column":9}},"type":"if","locations":[{"start":{"line":321,"column":8},"end":{"line":348,"column":9}}]},"19":{"loc":{"start":{"line":324,"column":16},"end":{"line":326,"column":17}},"type":"if","locations":[{"start":{"line":324,"column":16},"end":{"line":326,"column":17}}]},"20":{"loc":{"start":{"line":343,"column":16},"end":{"line":345,"column":17}},"type":"if","locations":[{"start":{"line":343,"column":16},"end":{"line":345,"column":17}}]},"21":{"loc":{"start":{"line":382,"column":8},"end":{"line":385,"column":9}},"type":"if","locations":[{"start":{"line":382,"column":8},"end":{"line":385,"column":9}}]},"22":{"loc":{"start":{"line":387,"column":8},"end":{"line":390,"column":9}},"type":"if","locations":[{"start":{"line":387,"column":8},"end":{"line":390,"column":9}}]},"23":{"loc":{"start":{"line":403,"column":8},"end":{"line":429,"column":9}},"type":"if","locations":[{"start":{"line":403,"column":8},"end":{"line":429,"column":9}}]},"24":{"loc":{"start":{"line":406,"column":16},"end":{"line":408,"column":17}},"type":"if","locations":[{"start":{"line":406,"column":16},"end":{"line":408,"column":17}}]},"25":{"loc":{"start":{"line":425,"column":16},"end":{"line":427,"column":17}},"type":"if","locations":[{"start":{"line":425,"column":16},"end":{"line":427,"column":17}}]},"26":{"loc":{"start":{"line":482,"column":8},"end":{"line":490,"column":9}},"type":"if","locations":[{"start":{"line":482,"column":8},"end":{"line":490,"column":9}},{"start":{"line":486,"column":15},"end":{"line":490,"column":9}}]},"27":{"loc":{"start":{"line":574,"column":54},"end":{"line":574,"column":80}},"type":"binary-expr","locations":[{"start":{"line":574,"column":54},"end":{"line":574,"column":60}},{"start":{"line":574,"column":64},"end":{"line":574,"column":80}}]}},"s":{"0":3,"1":3,"2":3,"3":56,"4":56,"5":56,"6":56,"7":56,"8":63,"9":63,"10":1,"11":63,"12":1,"13":63,"14":63,"15":63,"16":4,"17":4,"18":1,"19":1,"20":3,"21":3,"22":3,"23":3,"24":3,"25":2,"26":1,"27":1,"28":1,"29":2,"30":2,"31":2,"32":2,"33":9,"34":2,"35":3,"36":2,"37":2,"38":2,"39":2,"40":2,"41":3,"42":3,"43":3,"44":2,"45":1,"46":1,"47":1,"48":1,"49":1,"50":1,"51":2,"52":2,"53":1,"54":2,"55":37,"56":37,"57":1,"58":1,"59":36,"60":36,"61":2,"62":2,"63":2,"64":2,"65":1,"66":1,"67":36,"68":36,"69":36,"70":4,"71":3,"72":3,"73":1,"74":2,"75":36,"76":1,"77":1,"78":1,"79":1,"80":35,"81":35,"82":3,"83":3,"84":3,"85":3,"86":32,"87":31,"88":31,"89":31,"90":31,"91":29,"92":2,"93":2,"94":2,"95":2,"96":1,"97":31,"98":31,"99":31,"100":31,"101":31,"102":11,"103":11,"104":1,"105":1,"106":10,"107":1,"108":1,"109":9,"110":9,"111":9,"112":9,"113":9,"114":9,"115":6,"116":3,"117":3,"118":3,"119":3,"120":1,"121":8,"122":8,"123":8,"124":8,"125":2,"126":2,"127":2,"128":2,"129":2,"130":3,"131":3,"132":5,"133":5,"134":3,"135":5,"136":3,"137":5,"138":1,"139":3,"140":1,"141":2,"142":3,"143":1,"144":1,"145":1,"146":9,"147":2,"148":1,"149":2,"150":1,"151":1,"152":1,"153":1,"154":11,"155":2,"156":1,"157":3},"f":{"0":56,"1":63,"2":4,"3":9,"4":2,"5":3,"6":2,"7":3,"8":37,"9":11,"10":2,"11":3,"12":5,"13":5,"14":5,"15":1,"16":1,"17":9,"18":2,"19":1,"20":2,"21":1,"22":11,"23":2,"24":1},"b":{"0":[52],"1":[1],"2":[1],"3":[1],"4":[3],"5":[3],"6":[1],"7":[1,1],"8":[1],"9":[1],"10":[2],"11":[36,2],"12":[2],"13":[36,34],"14":[3],"15":[1,2],"16":[1],"17":[3],"18":[31],"19":[31],"20":[1],"21":[1],"22":[1],"23":[9],"24":[9],"25":[1],"26":[1,2],"27":[2,1]}}
,"/Users/klein/workspace/tech/personal_project/vscode/extension/shell_formatter/src/utils/plugin/index.ts": {"path":"/Users/klein/workspace/tech/personal_project/vscode/extension/shell_formatter/src/utils/plugin/index.ts","statementMap":{"0":{"start":{"line":108,"column":0},"end":{"line":108,"column":29}},"1":{"start":{"line":109,"column":0},"end":{"line":109,"column":26}},"2":{"start":{"line":110,"column":0},"end":{"line":110,"column":29}},"3":{"start":{"line":111,"column":0},"end":{"line":111,"column":32}},"4":{"start":{"line":112,"column":0},"end":{"line":112,"column":24}}},"fnMap":{},"branchMap":{},"s":{"0":3,"1":3,"2":3,"3":3,"4":3},"f":{},"b":{}}
,"/Users/klein/workspace/tech/personal_project/vscode/extension/shell_formatter/src/utils/plugin/types.ts": {"path":"/Users/klein/workspace/tech/personal_project/vscode/extension/shell_formatter/src/utils/plugin/types.ts","statementMap":{"0":{"start":{"line":132,"column":13},"end":{"line":150,"column":11}}},"fnMap":{},"branchMap":{},"s":{"0":3},"f":{},"b":{}}
}
