{"total": {"lines":{"total":592,"covered":592,"skipped":0,"pct":100},"statements":{"total":598,"covered":598,"skipped":0,"pct":100},"functions":{"total":135,"covered":135,"skipped":0,"pct":100},"branches":{"total":140,"covered":135,"skipped":0,"pct":96.42},"branchesTrue":{"total":0,"covered":0,"skipped":0,"pct":100}}
,"/Users/klein/workspace/tech/personal_project/vscode/extension/shell_formatter/src/utils/debounce.ts": {"lines":{"total":16,"covered":16,"skipped":0,"pct":100},"functions":{"total":6,"covered":6,"skipped":0,"pct":100},"statements":{"total":16,"covered":16,"skipped":0,"pct":100},"branches":{"total":2,"covered":1,"skipped":0,"pct":50}}
,"/Users/klein/workspace/tech/personal_project/vscode/extension/shell_formatter/src/utils/log.ts": {"lines":{"total":18,"covered":18,"skipped":0,"pct":100},"functions":{"total":4,"covered":4,"skipped":0,"pct":100},"statements":{"total":18,"covered":18,"skipped":0,"pct":100},"branches":{"total":7,"covered":6,"skipped":0,"pct":85.71}}
,"/Users/klein/workspace/tech/personal_project/vscode/extension/shell_formatter/src/utils/performance/alertManager.ts": {"lines":{"total":72,"covered":72,"skipped":0,"pct":100},"functions":{"total":16,"covered":16,"skipped":0,"pct":100},"statements":{"total":73,"covered":73,"skipped":0,"pct":100},"branches":{"total":32,"covered":32,"skipped":0,"pct":100}}
,"/Users/klein/workspace/tech/personal_project/vscode/extension/shell_formatter/src/utils/performance/integration.ts": {"lines":{"total":106,"covered":106,"skipped":0,"pct":100},"functions":{"total":32,"covered":32,"skipped":0,"pct":100},"statements":{"total":107,"covered":107,"skipped":0,"pct":100},"branches":{"total":3,"covered":2,"skipped":0,"pct":66.66}}
,"/Users/klein/workspace/tech/personal_project/vscode/extension/shell_formatter/src/utils/performance/monitor.ts": {"lines":{"total":75,"covered":75,"skipped":0,"pct":100},"functions":{"total":21,"covered":21,"skipped":0,"pct":100},"statements":{"total":76,"covered":76,"skipped":0,"pct":100},"branches":{"total":14,"covered":14,"skipped":0,"pct":100}}
,"/Users/klein/workspace/tech/personal_project/vscode/extension/shell_formatter/src/utils/plugin/BasePlugin.ts": {"lines":{"total":45,"covered":45,"skipped":0,"pct":100},"functions":{"total":13,"covered":13,"skipped":0,"pct":100},"statements":{"total":45,"covered":45,"skipped":0,"pct":100},"branches":{"total":10,"covered":10,"skipped":0,"pct":100}}
,"/Users/klein/workspace/tech/personal_project/vscode/extension/shell_formatter/src/utils/plugin/MessageBus.ts": {"lines":{"total":98,"covered":98,"skipped":0,"pct":100},"functions":{"total":18,"covered":18,"skipped":0,"pct":100},"statements":{"total":99,"covered":99,"skipped":0,"pct":100},"branches":{"total":38,"covered":36,"skipped":0,"pct":94.73}}
,"/Users/klein/workspace/tech/personal_project/vscode/extension/shell_formatter/src/utils/plugin/PluginManager.ts": {"lines":{"total":156,"covered":156,"skipped":0,"pct":100},"functions":{"total":25,"covered":25,"skipped":0,"pct":100},"statements":{"total":158,"covered":158,"skipped":0,"pct":100},"branches":{"total":34,"covered":34,"skipped":0,"pct":100}}
,"/Users/klein/workspace/tech/personal_project/vscode/extension/shell_formatter/src/utils/plugin/index.ts": {"lines":{"total":5,"covered":5,"skipped":0,"pct":100},"functions":{"total":0,"covered":0,"skipped":0,"pct":100},"statements":{"total":5,"covered":5,"skipped":0,"pct":100},"branches":{"total":0,"covered":0,"skipped":0,"pct":100}}
,"/Users/klein/workspace/tech/personal_project/vscode/extension/shell_formatter/src/utils/plugin/types.ts": {"lines":{"total":1,"covered":1,"skipped":0,"pct":100},"functions":{"total":0,"covered":0,"skipped":0,"pct":100},"statements":{"total":1,"covered":1,"skipped":0,"pct":100},"branches":{"total":0,"covered":0,"skipped":0,"pct":100}}
}
