TN:
SF:src/utils/debounce.ts
FN:5,(anonymous_0)
FN:14,(anonymous_1)
FN:19,(anonymous_2)
FN:34,(anonymous_3)
FN:45,(anonymous_4)
FN:55,(anonymous_5)
FNF:6
FNH:6
FNDA:6,(anonymous_0)
FNDA:9,(anonymous_1)
FNDA:2,(anonymous_2)
FNDA:11,(anonymous_3)
FNDA:2,(anonymous_4)
FNDA:5,(anonymous_5)
DA:5,1
DA:6,6
DA:16,9
DA:19,9
DA:20,2
DA:21,2
DA:23,2
DA:27,9
DA:35,11
DA:36,11
DA:37,3
DA:38,3
DA:46,2
DA:47,4
DA:49,2
DA:56,5
LF:16
LH:16
BRDA:14,0,0,0
BRDA:36,1,0,3
BRF:2
BRH:1
end_of_record
TN:
SF:src/utils/log.ts
FN:23,(anonymous_0)
FN:63,getLogLevelRank
FN:87,shouldLogByLevel
FN:147,setLogger
FNF:4
FNH:4
FNDA:8,(anonymous_0)
FNDA:14,getLogLevelRank
FNDA:3,shouldLogByLevel
FNDA:8,setLogger
DA:23,8
DA:24,8
DA:25,8
DA:26,8
DA:27,8
DA:40,8
DA:63,8
DA:64,14
DA:65,14
DA:87,8
DA:91,3
DA:92,3
DA:93,3
DA:147,8
DA:148,8
DA:149,8
DA:150,8
DA:151,8
LF:18
LH:18
BRDA:23,0,0,8
BRDA:23,0,1,8
BRDA:64,1,0,14
BRDA:64,1,1,0
BRDA:65,2,0,14
BRDA:65,2,1,1
BRDA:149,3,0,8
BRF:7
BRH:6
end_of_record
TN:
SF:src/utils/performance/alertManager.ts
FN:20,(anonymous_0)
FN:124,(anonymous_1)
FN:133,(anonymous_2)
FN:141,(anonymous_3)
FN:156,(anonymous_4)
FN:164,(anonymous_5)
FN:174,(anonymous_6)
FN:185,(anonymous_7)
FN:203,(anonymous_8)
FN:255,(anonymous_9)
FN:264,(anonymous_10)
FN:306,(anonymous_11)
FN:340,(anonymous_12)
FN:353,getAlertManager
FN:363,setAlertManager
FN:370,resetAlertManager
FNF:16
FNH:16
FNDA:4,(anonymous_0)
FNDA:55,(anonymous_1)
FNDA:488,(anonymous_2)
FNDA:102,(anonymous_3)
FNDA:11,(anonymous_4)
FNDA:31,(anonymous_5)
FNDA:9,(anonymous_6)
FNDA:47,(anonymous_7)
FNDA:55,(anonymous_8)
FNDA:440,(anonymous_9)
FNDA:100,(anonymous_10)
FNDA:96,(anonymous_11)
FNDA:96,(anonymous_12)
FNDA:27,getAlertManager
FNDA:46,setAlertManager
FNDA:46,resetAlertManager
DA:15,4
DA:20,4
DA:21,4
DA:22,4
DA:23,4
DA:24,4
DA:99,4
DA:101,55
DA:104,55
DA:107,55
DA:110,55
DA:113,55
DA:125,55
DA:126,55
DA:127,55
DA:134,488
DA:135,488
DA:142,102
DA:143,102
DA:144,2
DA:147,100
DA:148,100
DA:149,96
DA:157,11
DA:158,11
DA:165,31
DA:166,2
DA:168,29
DA:175,9
DA:186,47
DA:187,47
DA:197,47
DA:204,55
DA:255,440
DA:256,55
DA:269,100
DA:272,100
DA:273,65
DA:274,35
DA:275,8
DA:276,27
DA:277,6
DA:278,21
DA:279,17
DA:282,100
DA:283,4
DA:287,96
DA:292,96
DA:308,96
DA:311,96
DA:312,96
DA:313,96
DA:317,96
DA:318,16
DA:322,96
DA:325,96
DA:326,12
DA:327,12
DA:328,10
DA:329,2
DA:332,3
DA:341,96
DA:348,4
DA:353,4
DA:354,27
DA:355,1
DA:357,27
DA:363,4
DA:364,46
DA:370,4
DA:371,46
DA:372,46
LF:72
LH:72
BRDA:20,0,0,4
BRDA:20,0,1,4
BRDA:124,1,0,47
BRDA:143,2,0,2
BRDA:148,3,0,96
BRDA:165,4,0,2
BRDA:272,5,0,65
BRDA:272,5,1,35
BRDA:272,6,0,100
BRDA:272,6,1,71
BRDA:274,7,0,8
BRDA:274,7,1,27
BRDA:274,8,0,35
BRDA:274,8,1,11
BRDA:276,9,0,6
BRDA:276,9,1,21
BRDA:276,10,0,27
BRDA:276,10,1,9
BRDA:278,11,0,17
BRDA:278,12,0,21
BRDA:278,12,1,20
BRDA:282,13,0,4
BRDA:287,14,0,96
BRDA:287,14,1,27
BRDA:287,14,2,22
BRDA:287,14,3,16
BRDA:314,15,0,96
BRDA:314,15,1,46
BRDA:317,16,0,16
BRDA:328,17,0,2
BRDA:354,18,0,1
BRDA:371,19,0,46
BRF:32
BRH:32
end_of_record
TN:
SF:src/utils/performance/integration.ts
FN:389,(anonymous_0)
FN:389,(anonymous_1)
FN:27,measurePerformance
FN:28,(anonymous_3)
FN:37,(anonymous_4)
FN:63,wrapAsync
FN:67,(anonymous_6)
FN:94,measureAsync
FN:98,(anonymous_8)
FN:125,wrapSync
FN:129,(anonymous_10)
FN:159,(anonymous_11)
FN:168,(anonymous_12)
FN:177,(anonymous_13)
FN:191,createPerformanceScope
FN:200,recordMetric
FN:209,getPerformanceReport
FN:218,getAverageMetric
FN:227,getMetricData
FN:235,getAllMetricNames
FN:243,resetMetrics
FN:252,resetMetric
FN:260,enablePerformanceMonitoring
FN:268,disablePerformanceMonitoring
FN:277,isPerformanceMonitoringEnabled
FN:291,enablePerformanceAlerts
FN:299,disablePerformanceAlerts
FN:317,onPerformanceAlert
FN:334,setAlertThreshold
FN:358,getPerformanceAlerts
FN:374,getAlertStats
FN:381,clearAlertHistory
FNF:32
FNH:32
FNDA:2,(anonymous_0)
FNDA:3,(anonymous_1)
FNDA:1,measurePerformance
FNDA:1,(anonymous_3)
FNDA:1,(anonymous_4)
FNDA:2,wrapAsync
FNDA:2,(anonymous_6)
FNDA:2,measureAsync
FNDA:2,(anonymous_8)
FNDA:2,wrapSync
FNDA:2,(anonymous_10)
FNDA:2,(anonymous_11)
FNDA:1,(anonymous_12)
FNDA:1,(anonymous_13)
FNDA:2,createPerformanceScope
FNDA:3,recordMetric
FNDA:1,getPerformanceReport
FNDA:1,getAverageMetric
FNDA:3,getMetricData
FNDA:2,getAllMetricNames
FNDA:14,resetMetrics
FNDA:1,resetMetric
FNDA:1,enablePerformanceMonitoring
FNDA:1,disablePerformanceMonitoring
FNDA:2,isPerformanceMonitoringEnabled
FNDA:1,enablePerformanceAlerts
FNDA:1,disablePerformanceAlerts
FNDA:1,onPerformanceAlert
FNDA:1,setAlertThreshold
FNDA:1,getPerformanceAlerts
FNDA:1,getAlertStats
FNDA:1,clearAlertHistory
DA:8,1
DA:9,1
DA:18,1
DA:27,1
DA:28,1
DA:33,1
DA:37,1
DA:38,1
DA:39,1
DA:41,1
DA:42,1
DA:44,1
DA:45,1
DA:51,1
DA:63,1
DA:67,2
DA:68,2
DA:69,2
DA:71,2
DA:72,2
DA:73,1
DA:74,1
DA:75,1
DA:77,1
DA:78,1
DA:81,1
DA:94,1
DA:98,2
DA:99,2
DA:100,2
DA:102,2
DA:103,2
DA:104,1
DA:105,1
DA:106,1
DA:108,1
DA:109,1
DA:112,1
DA:125,1
DA:129,2
DA:130,2
DA:131,2
DA:133,2
DA:134,2
DA:135,1
DA:136,1
DA:137,1
DA:139,1
DA:140,1
DA:143,1
DA:155,1
DA:160,2
DA:161,2
DA:162,2
DA:169,1
DA:170,1
DA:171,1
DA:178,1
DA:179,1
DA:180,1
DA:191,1
DA:192,2
DA:200,1
DA:201,3
DA:202,3
DA:209,1
DA:210,1
DA:218,1
DA:219,1
DA:227,1
DA:228,3
DA:235,1
DA:236,2
DA:243,1
DA:244,14
DA:245,14
DA:252,1
DA:253,1
DA:254,1
DA:260,1
DA:261,1
DA:262,1
DA:268,1
DA:269,1
DA:270,1
DA:277,1
DA:279,2
DA:280,2
DA:291,1
DA:292,1
DA:299,1
DA:300,1
DA:301,1
DA:317,1
DA:318,1
DA:319,1
DA:334,1
DA:339,1
DA:358,1
DA:359,1
DA:374,1
DA:375,1
DA:381,1
DA:382,1
DA:383,1
DA:389,4
LF:106
LH:106
BRDA:280,0,0,2
BRDA:280,0,1,0
BRDA:337,1,0,1
BRF:3
BRH:2
end_of_record
TN:
SF:src/utils/performance/monitor.ts
FN:30,(anonymous_0)
FN:38,(anonymous_1)
FN:48,(anonymous_2)
FN:55,(anonymous_3)
FN:64,(anonymous_4)
FN:82,(anonymous_5)
FN:91,(anonymous_6)
FN:108,(anonymous_7)
FN:118,(anonymous_8)
FN:127,(anonymous_9)
FN:135,(anonymous_10)
FN:149,(anonymous_11)
FN:157,(anonymous_12)
FN:165,(anonymous_13)
FN:202,(anonymous_14)
FN:212,(anonymous_15)
FN:224,(anonymous_16)
FN:238,startTimer
FN:248,performance
FN:249,(anonymous_19)
FN:259,(anonymous_20)
FNF:21
FNH:21
FNDA:2,(anonymous_0)
FNDA:7,(anonymous_1)
FNDA:2,(anonymous_2)
FNDA:2,(anonymous_3)
FNDA:25,(anonymous_4)
FNDA:17,(anonymous_5)
FNDA:12,(anonymous_6)
FNDA:2,(anonymous_7)
FNDA:3,(anonymous_8)
FNDA:6,(anonymous_9)
FNDA:3,(anonymous_10)
FNDA:26,(anonymous_11)
FNDA:2,(anonymous_12)
FNDA:2,(anonymous_13)
FNDA:11,(anonymous_14)
FNDA:10,(anonymous_15)
FNDA:1,(anonymous_16)
FNDA:3,startTimer
FNDA:1,performance
FNDA:1,(anonymous_19)
FNDA:1,(anonymous_20)
DA:6,2
DA:30,2
DA:32,2
DA:33,2
DA:39,7
DA:40,2
DA:42,7
DA:49,2
DA:56,2
DA:65,25
DA:66,1
DA:69,24
DA:70,22
DA:73,24
DA:74,24
DA:83,17
DA:84,17
DA:85,6
DA:88,11
DA:89,11
DA:90,11
DA:91,12
DA:93,11
DA:109,2
DA:110,2
DA:119,3
DA:120,3
DA:128,6
DA:136,3
DA:137,3
DA:138,3
DA:139,3
DA:140,3
DA:143,3
DA:150,26
DA:158,2
DA:166,2
DA:167,2
DA:168,1
DA:171,1
DA:172,1
DA:173,1
DA:175,1
DA:176,1
DA:177,1
DA:178,1
DA:179,1
DA:180,1
DA:181,1
DA:184,1
DA:192,2
DA:203,11
DA:204,11
DA:205,11
DA:213,10
DA:214,10
DA:216,10
DA:217,10
DA:225,1
DA:226,1
DA:228,1
DA:229,1
DA:238,2
DA:239,3
DA:248,2
DA:249,1
DA:254,1
DA:257,1
DA:259,1
DA:260,1
DA:261,1
DA:262,1
DA:264,1
DA:268,1
DA:273,2
LF:75
LH:75
BRDA:39,0,0,2
BRDA:65,1,0,1
BRDA:69,2,0,22
BRDA:84,3,0,6
BRDA:84,4,0,17
BRDA:84,4,1,11
BRDA:110,5,0,1
BRDA:110,5,1,1
BRDA:120,6,0,1
BRDA:120,6,1,2
BRDA:139,7,0,3
BRDA:167,8,0,1
BRDA:205,9,0,11
BRDA:205,9,1,3
BRF:14
BRH:14
end_of_record
TN:
SF:src/utils/plugin/BasePlugin.ts
FN:33,(anonymous_0)
FN:82,(anonymous_1)
FN:114,(anonymous_2)
FN:146,(anonymous_3)
FN:184,(anonymous_4)
FN:232,(anonymous_5)
FN:268,(anonymous_6)
FN:290,(anonymous_7)
FN:302,(anonymous_8)
FN:330,(anonymous_9)
FN:344,(anonymous_10)
FN:367,(anonymous_11)
FN:389,(anonymous_12)
FNF:13
FNH:13
FNDA:48,(anonymous_0)
FNDA:20,(anonymous_1)
FNDA:11,(anonymous_2)
FNDA:4,(anonymous_3)
FNDA:7,(anonymous_4)
FNDA:6,(anonymous_5)
FNDA:2,(anonymous_6)
FNDA:1,(anonymous_7)
FNDA:1,(anonymous_8)
FNDA:3,(anonymous_9)
FNDA:1,(anonymous_10)
FNDA:2,(anonymous_11)
FNDA:2,(anonymous_12)
DA:13,3
DA:33,3
DA:42,48
DA:83,20
DA:84,20
DA:119,11
DA:120,1
DA:125,10
DA:126,10
DA:128,10
DA:129,10
DA:147,4
DA:148,1
DA:151,1
DA:154,3
DA:155,3
DA:156,2
DA:157,2
DA:162,3
DA:189,7
DA:190,2
DA:195,5
DA:196,5
DA:206,5
DA:237,6
DA:238,1
DA:243,5
DA:247,5
DA:255,5
DA:272,2
DA:291,1
DA:303,1
DA:332,3
DA:333,4
DA:334,4
DA:337,3
DA:350,1
DA:371,2
DA:372,2
DA:374,1
DA:375,1
DA:394,2
DA:395,2
DA:397,1
DA:400,1
LF:45
LH:45
BRDA:119,0,0,1
BRDA:147,1,0,1
BRDA:155,2,0,2
BRDA:189,3,0,2
BRDA:195,4,0,5
BRDA:195,4,1,4
BRDA:237,5,0,1
BRDA:245,6,0,5
BRDA:245,6,1,4
BRDA:333,7,0,4
BRF:10
BRH:10
end_of_record
TN:
SF:src/utils/plugin/MessageBus.ts
FN:47,(anonymous_0)
FN:65,(anonymous_1)
FN:115,(anonymous_2)
FN:132,(anonymous_3)
FN:134,(anonymous_4)
FN:166,(anonymous_5)
FN:187,(anonymous_6)
FN:211,(anonymous_7)
FN:243,(anonymous_8)
FN:279,(anonymous_9)
FN:283,(anonymous_10)
FN:310,(anonymous_11)
FN:312,(anonymous_12)
FN:378,(anonymous_13)
FN:389,(anonymous_14)
FN:398,(anonymous_15)
FN:415,(anonymous_16)
FN:428,(anonymous_17)
FNF:18
FNH:18
FNDA:155,(anonymous_0)
FNDA:181,(anonymous_1)
FNDA:1,(anonymous_2)
FNDA:14,(anonymous_3)
FNDA:11,(anonymous_4)
FNDA:5,(anonymous_5)
FNDA:2,(anonymous_6)
FNDA:43,(anonymous_7)
FNDA:144,(anonymous_8)
FNDA:9,(anonymous_9)
FNDA:52,(anonymous_10)
FNDA:1,(anonymous_11)
FNDA:1,(anonymous_12)
FNDA:6,(anonymous_13)
FNDA:2,(anonymous_14)
FNDA:2,(anonymous_15)
FNDA:1,(anonymous_16)
FNDA:2,(anonymous_17)
DA:14,3
DA:33,3
DA:34,155
DA:35,155
DA:41,155
DA:48,155
DA:71,181
DA:72,181
DA:73,181
DA:74,1
DA:78,180
DA:81,180
DA:93,180
DA:94,169
DA:96,180
DA:98,180
DA:99,8
DA:104,180
DA:120,1
DA:133,14
DA:134,11
DA:135,11
DA:136,11
DA:139,11
DA:140,11
DA:143,11
DA:144,1
DA:149,11
DA:153,3
DA:154,1
DA:157,3
DA:167,5
DA:168,5
DA:169,2
DA:172,3
DA:173,3
DA:175,3
DA:176,1
DA:181,3
DA:188,2
DA:189,2
DA:191,2
DA:192,1
DA:216,43
DA:252,144
DA:259,144
DA:261,144
DA:262,3
DA:267,144
DA:268,144
DA:269,100
DA:270,1
DA:274,100
DA:278,44
DA:279,9
DA:283,44
DA:284,52
DA:285,49
DA:287,3
DA:288,3
DA:290,1
DA:294,1
DA:299,44
DA:300,44
DA:302,44
DA:303,50
DA:306,50
DA:307,50
DA:308,1
DA:311,1
DA:313,1
DA:321,49
DA:325,46
DA:326,1
DA:329,46
DA:330,46
DA:333,46
DA:334,2
DA:337,4
DA:338,4
DA:340,4
DA:341,3
DA:342,3
DA:344,1
DA:350,1
DA:359,44
DA:360,2
DA:363,44
DA:364,2
DA:369,44
DA:379,6
DA:380,6
DA:390,2
DA:399,2
DA:401,2
DA:403,2
DA:416,1
DA:429,2
LF:98
LH:98
BRDA:47,0,0,142
BRDA:68,1,0,169
BRDA:72,2,0,181
BRDA:72,2,1,0
BRDA:73,3,0,1
BRDA:73,4,0,181
BRDA:73,4,1,3
BRDA:93,5,0,169
BRDA:98,6,0,8
BRDA:118,7,0,1
BRDA:135,8,0,11
BRDA:139,9,0,11
BRDA:143,10,0,1
BRDA:153,11,0,1
BRDA:168,12,0,2
BRDA:175,13,0,1
BRDA:191,14,0,1
BRDA:261,15,0,3
BRDA:268,16,0,100
BRDA:268,17,0,144
BRDA:268,17,1,44
BRDA:269,18,0,1
BRDA:279,19,0,9
BRDA:279,19,1,6
BRDA:279,20,0,9
BRDA:279,20,1,5
BRDA:284,21,0,49
BRDA:306,22,0,50
BRDA:306,22,1,0
BRDA:307,23,0,1
BRDA:307,23,1,49
BRDA:325,24,0,1
BRDA:333,25,0,2
BRDA:340,26,0,3
BRDA:340,26,1,1
BRDA:363,27,0,2
BRDA:380,28,0,3
BRDA:380,28,1,3
BRF:38
BRH:36
end_of_record
TN:
SF:src/utils/plugin/PluginManager.ts
FN:80,(anonymous_0)
FN:95,(anonymous_1)
FN:122,(anonymous_2)
FN:161,(anonymous_3)
FN:170,(anonymous_4)
FN:178,(anonymous_5)
FN:186,(anonymous_6)
FN:194,(anonymous_7)
FN:234,(anonymous_8)
FN:380,(anonymous_9)
FN:450,(anonymous_10)
FN:467,(anonymous_11)
FN:471,(anonymous_12)
FN:477,(anonymous_13)
FN:479,(anonymous_14)
FN:480,(anonymous_15)
FN:500,(anonymous_16)
FN:511,(anonymous_17)
FN:519,(anonymous_18)
FN:527,(anonymous_19)
FN:528,(anonymous_20)
FN:545,(anonymous_21)
FN:555,(anonymous_22)
FN:569,(anonymous_23)
FN:585,(anonymous_24)
FNF:25
FNH:25
FNDA:56,(anonymous_0)
FNDA:63,(anonymous_1)
FNDA:4,(anonymous_2)
FNDA:9,(anonymous_3)
FNDA:2,(anonymous_4)
FNDA:3,(anonymous_5)
FNDA:2,(anonymous_6)
FNDA:3,(anonymous_7)
FNDA:37,(anonymous_8)
FNDA:11,(anonymous_9)
FNDA:2,(anonymous_10)
FNDA:3,(anonymous_11)
FNDA:5,(anonymous_12)
FNDA:5,(anonymous_13)
FNDA:5,(anonymous_14)
FNDA:1,(anonymous_15)
FNDA:1,(anonymous_16)
FNDA:9,(anonymous_17)
FNDA:2,(anonymous_18)
FNDA:1,(anonymous_19)
FNDA:2,(anonymous_20)
FNDA:1,(anonymous_21)
FNDA:11,(anonymous_22)
FNDA:2,(anonymous_23)
FNDA:1,(anonymous_24)
DA:23,3
DA:25,3
DA:26,3
DA:70,3
DA:71,56
DA:72,56
DA:81,56
DA:87,56
DA:88,56
DA:96,63
DA:98,63
DA:99,1
DA:105,63
DA:106,1
DA:109,63
DA:110,63
DA:113,63
DA:123,4
DA:125,4
DA:126,1
DA:127,1
DA:131,3
DA:132,3
DA:133,3
DA:134,3
DA:135,3
DA:137,2
DA:139,1
DA:142,1
DA:143,1
DA:148,2
DA:149,2
DA:150,2
DA:151,2
DA:162,9
DA:171,2
DA:179,3
DA:187,2
DA:189,2
DA:190,2
DA:191,2
DA:193,2
DA:195,3
DA:196,3
DA:197,3
DA:198,2
DA:199,1
DA:200,1
DA:202,1
DA:205,1
DA:206,1
DA:207,1
DA:212,2
DA:215,2
DA:216,1
DA:218,2
DA:235,37
DA:236,37
DA:237,1
DA:238,1
DA:242,36
DA:252,36
DA:253,2
DA:254,2
DA:255,2
DA:256,2
DA:258,1
DA:262,1
DA:269,36
DA:270,36
DA:271,36
DA:272,4
DA:273,3
DA:274,3
DA:275,1
DA:277,2
DA:282,36
DA:283,1
DA:284,1
DA:287,1
DA:297,1
DA:301,35
DA:302,35
DA:303,3
DA:304,3
DA:307,3
DA:317,3
DA:321,32
DA:322,31
DA:323,31
DA:324,31
DA:325,31
DA:327,29
DA:329,2
DA:330,2
DA:333,2
DA:343,2
DA:344,1
DA:350,31
DA:351,31
DA:354,31
DA:355,31
DA:365,31
DA:381,11
DA:382,11
DA:383,1
DA:384,1
DA:387,10
DA:388,1
DA:389,1
DA:393,9
DA:403,9
DA:404,9
DA:405,9
DA:406,9
DA:407,9
DA:409,6
DA:411,3
DA:412,3
DA:415,3
DA:425,3
DA:426,1
DA:431,8
DA:432,8
DA:435,8
DA:444,8
DA:451,2
DA:452,2
DA:455,2
DA:456,2
DA:459,2
DA:468,3
DA:470,3
DA:472,5
DA:473,5
DA:477,5
DA:478,3
DA:479,5
DA:480,1
DA:482,3
DA:483,1
DA:487,2
DA:492,3
DA:501,1
DA:502,1
DA:503,1
DA:512,9
DA:520,2
DA:528,2
DA:535,1
DA:546,1
DA:547,1
DA:548,1
DA:556,11
DA:574,2
DA:588,1
LF:156
LH:156
BRDA:80,0,0,52
BRDA:98,1,0,1
BRDA:105,2,0,1
BRDA:125,3,0,1
BRDA:131,4,0,3
BRDA:134,5,0,3
BRDA:142,6,0,1
BRDA:198,7,0,1
BRDA:198,7,1,1
BRDA:215,8,0,1
BRDA:236,9,0,1
BRDA:252,10,0,2
BRDA:252,11,0,36
BRDA:252,11,1,2
BRDA:255,12,0,2
BRDA:269,13,0,36
BRDA:269,13,1,34
BRDA:272,14,0,3
BRDA:274,15,0,1
BRDA:274,15,1,2
BRDA:282,16,0,1
BRDA:302,17,0,3
BRDA:321,18,0,31
BRDA:324,19,0,31
BRDA:343,20,0,1
BRDA:382,21,0,1
BRDA:387,22,0,1
BRDA:403,23,0,9
BRDA:406,24,0,9
BRDA:425,25,0,1
BRDA:482,26,0,1
BRDA:482,26,1,2
BRDA:574,27,0,2
BRDA:574,27,1,1
BRF:34
BRH:34
end_of_record
TN:
SF:src/utils/plugin/index.ts
FNF:0
FNH:0
DA:108,3
DA:109,3
DA:110,3
DA:111,3
DA:112,3
LF:5
LH:5
BRF:0
BRH:0
end_of_record
TN:
SF:src/utils/plugin/types.ts
FNF:0
FNH:0
DA:132,3
LF:1
LH:1
BRF:0
BRH:0
end_of_record
